[345.543146133] 2018-05-08 17:42:05,450 - INFO - launcher: Starting sanity checks
[346.543312073] 2018-05-08 17:42:05,451 - INFO - launcher: Checking for Python 3.5+
[346.543312073] 2018-05-08 17:42:05,451 - INFO - launcher: Checking console encoding
[346.543312073] 2018-05-08 17:42:05,451 - INFO - launcher: Setting console encoding to UTF-8
[346.543312073] 2018-05-08 17:42:05,451 - INFO - launcher: Ensuring we're in the right environment
[385.049104691] 2018-05-08 17:42:05,489 - INFO - launcher: Adding local bins/ folder to path
[386.049270630] 2018-05-08 17:42:05,490 - INFO - launcher: Required checks passed.
[386.549472809] 2018-05-08 17:42:05,491 - INFO - launcher: Optional checks passed.
[387.050628662] 2018-05-08 17:42:05,491 - INFO - launcher: Moving old musicbot log

######################### PRE-RUN SANITY CHECKS PASSED #########################

[20.6538112163543701] 2018-05-08 17:42:25,758 - WARNING - musicbot.config | In config.py::MainThread(12672), line 112 in run_checks: i18n file does not exist. Trying to fallback to config/i18n/en.json.
[20.6648118495941162] 2018-05-08 17:42:25,769 - INFO - musicbot.config | In config.py::MainThread(12672), line 123 in run_checks: Using i18n: config/i18n/en.json
[20.7078175544738770] 2018-05-08 17:42:25,812 - DEBUG - musicbot.json | In json.py::MainThread(12672), line 8 in __init__: Init JSON obj with config/i18n/en.json
[21.1308720111846924] 2018-05-08 17:42:26,235 - DEBUG - musicbot.bot | In bot.py::MainThread(12672), line 227 in _setup_logging: Set logging level to INFO
[21.1313719749450684] 2018-05-08 17:42:26,236 - INFO - musicbot.bot | In bot.py::MainThread(12672), line 84 in __init__: Starting MusicBot 1.9.7
[21.1318721771240234] 2018-05-08 17:42:26,236 - INFO - musicbot.bot | In bot.py::MainThread(12672), line 90 in __init__: Loaded autoplaylist with 2531 entries
[25.7659897804260254] 2018-05-08 17:42:30,870 - DEBUG - musicbot.bot | In bot.py::MainThread(12672), line 1074 in on_ready: Connection established, ready to go.
[25.7659897804260254] 2018-05-08 17:42:30,870 - DEBUG - musicbot.bot | In bot.py::MainThread(12672), line 339 in _cache_app_info: Caching app info
[25.8150494098663330] 2018-05-08 17:42:30,919 - DEBUG - musicbot.bot | In bot.py::MainThread(12672), line 889 in _scheck_ensure_env: Ensuring data folders exist
[25.8165469169616699] 2018-05-08 17:42:30,921 - DEBUG - musicbot.bot | In bot.py::MainThread(12672), line 905 in _scheck_server_permissions: Checking server permissions
[25.8165469169616699] 2018-05-08 17:42:30,921 - DEBUG - musicbot.bot | In bot.py::MainThread(12672), line 909 in _scheck_autoplaylist: Auditing autoplaylist
[25.8165469169616699] 2018-05-08 17:42:30,921 - DEBUG - musicbot.bot | In bot.py::MainThread(12672), line 913 in _scheck_configs: Validating config
[25.8170461654663086] 2018-05-08 17:42:30,921 - DEBUG - musicbot.config | In config.py::MainThread(12672), line 212 in async_validate: Validating options...
[25.8170461654663086] 2018-05-08 17:42:30,921 - DEBUG - musicbot.bot | In bot.py::MainThread(12672), line 916 in _scheck_configs: Validating permissions config
[25.8170461654663086] 2018-05-08 17:42:30,921 - DEBUG - musicbot.permissions | In permissions.py::MainThread(12672), line 64 in async_validate: Validating permissions...
[25.8170461654663086] 2018-05-08 17:42:30,921 - INFO - musicbot.bot | In bot.py::MainThread(12672), line 1091 in on_ready: Connected: 442456775375978506/SGG bot#7913
[25.8175463676452637] 2018-05-08 17:42:30,922 - INFO - musicbot.bot | In bot.py::MainThread(12672), line 1099 in on_ready: Owner:     169423295089868800/SGG PRO BEAST#1383

[25.8180456161499023] 2018-05-08 17:42:30,922 - INFO - musicbot.bot | In bot.py::MainThread(12672), line 1102 in on_ready: Server List:
[25.8185460567474365] 2018-05-08 17:42:30,923 - INFO - musicbot.bot | In bot.py::MainThread(12672), line 1105 in on_ready:  - SGG Community Discord
[25.8190457820892334] 2018-05-08 17:42:30,923 - INFO - musicbot.bot | In bot.py::MainThread(12672), line 1138 in on_ready: Bound to text channels:
[25.8190457820892334] 2018-05-08 17:42:30,923 - INFO - musicbot.bot | In bot.py::MainThread(12672), line 1139 in <listcomp>:  - SGG Community Discord/music
[25.8195457458496094] 2018-05-08 17:42:30,924 - INFO - musicbot.bot | In bot.py::MainThread(12672), line 1164 in on_ready: Autojoining voice chanels:
[25.8200464248657227] 2018-05-08 17:42:30,924 - INFO - musicbot.bot | In bot.py::MainThread(12672), line 1165 in <listcomp>:  - SGG Community Discord/Music 1 🎵
[25.8205456733703613] 2018-05-08 17:42:30,925 - INFO - musicbot.bot | In bot.py::MainThread(12672), line 281 in _join_startup_channels: Attempting to join SGG Community Discord/Music 1 🎵
[25.8205456733703613] 2018-05-08 17:42:30,925 - DEBUG - musicbot.bot | In bot.py::MainThread(12672), line 452 in get_voice_client: Connection attempt 1 to Music 1 🎵
[25.8210456371307373] 2018-05-08 17:42:30,925 - VOICEDEBUG - musicbot.bot | In bot.py::MainThread(12672), line 391 in join_voice_channel: (join_voice_channel) creating futures
[25.8210456371307373] 2018-05-08 17:42:30,925 - VOICEDEBUG - musicbot.bot | In bot.py::MainThread(12672), line 397 in join_voice_channel: (join_voice_channel) setting voice state
[25.8215456008911133] 2018-05-08 17:42:30,926 - VOICEDEBUG - musicbot.bot | In bot.py::MainThread(12672), line 400 in join_voice_channel: (join_voice_channel) waiting for session id
[25.8590502738952637] 2018-05-08 17:42:30,963 - VOICEDEBUG - musicbot.bot | In bot.py::MainThread(12672), line 2938 in on_voice_state_update: Voice state update for 442456775375978506/SGG bot#7913 on SGG Community Discord/Music 1 🎵 -> [JOIN, CONNECT]
[25.8595504760742188] 2018-05-08 17:42:30,964 - INFO - musicbot.bot | In bot.py::MainThread(12672), line 2949 in on_voice_state_update: 442456775375978506/SGG bot#7913 has joined SGG Community Discord/Music 1 🎵
[25.8600506782531738] 2018-05-08 17:42:30,964 - VOICEDEBUG - musicbot.bot | In bot.py::MainThread(12672), line 404 in join_voice_channel: (join_voice_channel) waiting for voice data
[25.8790528774261475] 2018-05-08 17:42:30,983 - VOICEDEBUG - musicbot.bot | In bot.py::MainThread(12672), line 418 in join_voice_channel: (join_voice_channel) connecting...
[25.9975714683532715] 2018-05-08 17:42:31,102 - VOICEDEBUG - musicbot.bot | In bot.py::MainThread(12672), line 430 in join_voice_channel: (join_voice_channel) connection successful
[25.9975714683532715] 2018-05-08 17:42:31,102 - DEBUG - musicbot.bot | In bot.py::MainThread(12672), line 478 in get_voice_client: Connected in 0.2s
[25.9975714683532715] 2018-05-08 17:42:31,102 - INFO - musicbot.bot | In bot.py::MainThread(12672), line 479 in get_voice_client: Connected to SGG Community Discord/Music 1 🎵
[25.9985682964324951] 2018-05-08 17:42:31,103 - DEBUG - musicbot.bot | In bot.py::MainThread(12672), line 849 in deserialize_queue: Deserializing queue for 405127192767627264
[26.3533787727355957] 2018-05-08 17:42:31,458 - DEBUG - musicbot.bot | In bot.py::MainThread(12672), line 570 in get_player: Created player via deserialization for server 405127192767627264 with 1 entries
[26.3538789749145508] 2018-05-08 17:42:31,458 - INFO - musicbot.bot | In bot.py::MainThread(12672), line 297 in _join_startup_channels: Joined SGG Community Discord/Music 1 🎵
[26.3543794155120850] 2018-05-08 17:42:31,459 - VOICEDEBUG - musicbot.player | In player.py::MainThread(12672), line 373 in websocket_check: Starting websocket check loop for SGG Community Discord
[26.3543794155120850] 2018-05-08 17:42:31,459 - DEBUG - musicbot.entry | In entry.py::MainThread(12672), line 54 in get_ready_future: Created future for audio_cache\youtube-jUqN1Jfw1cA-Sebastian_Carter_-_Angels.m4a
[26.3548793792724609] 2018-05-08 17:42:31,459 - DEBUG - musicbot.player | In player.py::MainThread(12672), line 269 in get_mean_volume: Calculating mean volume of audio_cache\youtube-jUqN1Jfw1cA-Sebastian_Carter_-_Angels.m4a
[28.1902487277984619] 2018-05-08 17:42:33,295 - DEBUG - musicbot.player | In player.py::MainThread(12672), line 290 in get_mean_volume: Calculated mean volume as -9.6
[28.1902487277984619] 2018-05-08 17:42:33,295 - FFMPEG - musicbot.player | In player.py::MainThread(12672), line 330 in _play: Creating player with options: -nostdin -af "volume=-0.0dB" audio_cache\youtube-jUqN1Jfw1cA-Sebastian_Carter_-_Angels.m4a
[28.2002508640289307] 2018-05-08 17:42:33,305 - INFO - musicbot.bot | In bot.py::MainThread(12672), line 256 in _autopause: Initial autopause in empty channel
[28.2017502784729004] 2018-05-08 17:42:33,306 - DEBUG - musicbot.bot | In bot.py::MainThread(12672), line 825 in serialize_queue: Serializing queue for 405127192767627264
[28.2027511596679688] 2018-05-08 17:42:33,307 - DEBUG - musicbot.bot | In bot.py::MainThread(12672), line 868 in write_current_song: Writing current song for 405127192767627264
[31.0544419288635254] 2018-05-08 17:42:36,159 - VOICEDEBUG - musicbot.bot | In bot.py::MainThread(12672), line 2938 in on_voice_state_update: Voice state update for 441110608528670721/SGG killer m3rk#3933 on SGG Community Discord/BR Voice 🔊 -> [MUTE]
[34.2180504798889160] 2018-05-08 17:42:39,322 - VOICEDEBUG - musicbot.bot | In bot.py::MainThread(12672), line 2938 in on_voice_state_update: Voice state update for 438740922528956436/SGG Wolf#8823 on SGG Community Discord/BR Voice 🔊 -> [MUTE, DEAFEN]
[35.1491756439208984] 2018-05-08 17:42:40,254 - VOICEDEBUG - musicbot.bot | In bot.py::MainThread(12672), line 2938 in on_voice_state_update: Voice state update for 438740922528956436/SGG Wolf#8823 on SGG Community Discord/BR Voice 🔊 -> [UNMUTE, UNDEAFEN]
[35.2717673778533936] 2018-05-08 17:42:40,376 - VOICEDEBUG - musicbot.bot | In bot.py::MainThread(12672), line 2938 in on_voice_state_update: Voice state update for 371704154705362944/Novus FM#0008 on SGG Community Discord/Novus FM 🎵 -> [CONNECT]
[40.6658096313476562] 2018-05-08 17:42:45,770 - VOICEDEBUG - musicbot.bot | In bot.py::MainThread(12672), line 2938 in on_voice_state_update: Voice state update for 228317444068999178/SGG TinyTerrorX#5210 on SGG Community Discord/BR Voice 🔊 -> [UNMUTE]
[53.6716966629028320] 2018-05-08 17:42:58,776 - VOICEDEBUG - musicbot.bot | In bot.py::MainThread(12672), line 2938 in on_voice_state_update: Voice state update for 399754103879892993/SGG XCr4zyX#2172 on SGG Community Discord/BR Voice 🔊 -> [CONNECT, MUTE]
[60.5238013267517090] 2018-05-08 17:43:05,628 - VOICEDEBUG - musicbot.bot | In bot.py::MainThread(12672), line 2938 in on_voice_state_update: Voice state update for 228317444068999178/SGG TinyTerrorX#5210 on SGG Community Discord/BR Voice 🔊 -> [MUTE]
[63.3781411647796631] 2018-05-08 17:43:08,483 - VOICEDEBUG - musicbot.bot | In bot.py::MainThread(12672), line 2938 in on_voice_state_update: Voice state update for 228317444068999178/SGG TinyTerrorX#5210 on SGG Community Discord/BR Voice 🔊 -> [UNMUTE]
[67.5396728515625000] 2018-05-08 17:43:12,644 - VOICEDEBUG - musicbot.bot | In bot.py::MainThread(12672), line 2938 in on_voice_state_update: Voice state update for 399754103879892993/SGG XCr4zyX#2172 on SGG Community Discord/BR Voice 🔊 -> [UNMUTE]
[72.7101907730102539] 2018-05-08 17:43:17,815 - VOICEDEBUG - musicbot.bot | In bot.py::MainThread(12672), line 2938 in on_voice_state_update: Voice state update for 399754103879892993/SGG XCr4zyX#2172 on SGG Community Discord/BR Voice 🔊 -> [MUTE]
[84.8149392604827881] 2018-05-08 17:43:29,919 - VOICEDEBUG - musicbot.bot | In bot.py::MainThread(12672), line 2938 in on_voice_state_update: Voice state update for 228317444068999178/SGG TinyTerrorX#5210 on SGG Community Discord/BR Voice 🔊 -> [MUTE]
[110.3560235500335693] 2018-05-08 17:43:55,460 - VOICEDEBUG - musicbot.bot | In bot.py::MainThread(12672), line 2938 in on_voice_state_update: Voice state update for 258823904066273281/SGG CLUTCH#9755 on SGG Community Discord/BR Voice 🔊 -> [MUTE]
[114.1076679229736328] 2018-05-08 17:43:59,212 - VOICEDEBUG - musicbot.bot | In bot.py::MainThread(12672), line 2938 in on_voice_state_update: Voice state update for 258823904066273281/SGG CLUTCH#9755 on SGG Community Discord/BR Voice 🔊 -> [DEAFEN]
[114.1851766109466553] 2018-05-08 17:43:59,290 - VOICEDEBUG - musicbot.bot | In bot.py::MainThread(12672), line 2938 in on_voice_state_update: Voice state update for 371704154705362944/Novus FM#0008 on SGG Community Discord/Novus FM 🎵 -> [DISCONNECT]
[115.7108805179595947] 2018-05-08 17:44:00,815 - VOICEDEBUG - musicbot.bot | In bot.py::MainThread(12672), line 2938 in on_voice_state_update: Voice state update for 258823904066273281/SGG CLUTCH#9755 on SGG Community Discord/BR Voice 🔊 -> [UNDEAFEN]
[115.7308835983276367] 2018-05-08 17:44:00,835 - VOICEDEBUG - musicbot.bot | In bot.py::MainThread(12672), line 2938 in on_voice_state_update: Voice state update for 371704154705362944/Novus FM#0008 on SGG Community Discord/Novus FM 🎵 -> [CONNECT]
[134.7451944351196289] 2018-05-08 17:44:19,850 - VOICEDEBUG - musicbot.bot | In bot.py::MainThread(12672), line 2938 in on_voice_state_update: Voice state update for 228317444068999178/SGG TinyTerrorX#5210 on SGG Community Discord/BR Voice 🔊 -> [UNMUTE]
[139.0316884517669678] 2018-05-08 17:44:24,136 - VOICEDEBUG - musicbot.bot | In bot.py::MainThread(12672), line 2938 in on_voice_state_update: Voice state update for 228317444068999178/SGG TinyTerrorX#5210 on SGG Community Discord/BR Voice 🔊 -> [MUTE]
[142.2865772247314453] 2018-05-08 17:44:27,391 - VOICEDEBUG - musicbot.bot | In bot.py::MainThread(12672), line 2938 in on_voice_state_update: Voice state update for 228317444068999178/SGG TinyTerrorX#5210 on SGG Community Discord/BR Voice 🔊 -> [UNMUTE]
[144.8021054267883301] 2018-05-08 17:44:29,907 - VOICEDEBUG - musicbot.bot | In bot.py::MainThread(12672), line 2938 in on_voice_state_update: Voice state update for 228317444068999178/SGG TinyTerrorX#5210 on SGG Community Discord/BR Voice 🔊 -> [MUTE]
[154.8753387928009033] 2018-05-08 17:44:39,980 - VOICEDEBUG - musicbot.bot | In bot.py::MainThread(12672), line 2938 in on_voice_state_update: Voice state update for 430520284236218378/SGG Synk#2289 on SGG Community Discord/BR Voice 🔊 -> [MUTE]
[171.9030690193176270] 2018-05-08 17:44:57,007 - VOICEDEBUG - musicbot.bot | In bot.py::MainThread(12672), line 2938 in on_voice_state_update: Voice state update for 228317444068999178/SGG TinyTerrorX#5210 on SGG Community Discord/BR Voice 🔊 -> [UNMUTE]
[194.6688227653503418] 2018-05-08 17:45:19,773 - VOICEDEBUG - musicbot.bot | In bot.py::MainThread(12672), line 2938 in on_voice_state_update: Voice state update for 169423295089868800/SGG PRO BEAST#1383 on SGG Community Discord/BR Voice 🔊 -> [UNMUTE]
[197.2181570529937744] 2018-05-08 17:45:22,323 - VOICEDEBUG - musicbot.bot | In bot.py::MainThread(12672), line 2938 in on_voice_state_update: Voice state update for 228317444068999178/SGG TinyTerrorX#5210 on SGG Community Discord/BR Voice 🔊 -> [MUTE]
[263.3277015686035156] 2018-05-08 17:46:28,432 - VOICEDEBUG - musicbot.bot | In bot.py::MainThread(12672), line 2938 in on_voice_state_update: Voice state update for 228317444068999178/SGG TinyTerrorX#5210 on SGG Community Discord/BR Voice 🔊 -> [UNMUTE]
[264.1746578216552734] 2018-05-08 17:46:29,279 - VOICEDEBUG - musicbot.bot | In bot.py::MainThread(12672), line 2938 in on_voice_state_update: Voice state update for 228317444068999178/SGG TinyTerrorX#5210 on SGG Community Discord/BR Voice 🔊 -> [MUTE]
[279.1930785179138184] 2018-05-08 17:46:44,297 - VOICEDEBUG - musicbot.bot | In bot.py::MainThread(12672), line 2938 in on_voice_state_update: Voice state update for 171140671673991168/SGG Jesus#1315 on SGG Community Discord/BR Voice 🔊 -> [UNMUTE]
[285.8335816860198975] 2018-05-08 17:46:50,938 - VOICEDEBUG - musicbot.bot | In bot.py::MainThread(12672), line 2938 in on_voice_state_update: Voice state update for 171140671673991168/SGG Jesus#1315 on SGG Community Discord/BR Voice 🔊 -> [MUTE]
[336.3904123306274414] 2018-05-08 17:47:41,495 - VOICEDEBUG - musicbot.bot | In bot.py::MainThread(12672), line 2938 in on_voice_state_update: Voice state update for 228317444068999178/SGG TinyTerrorX#5210 on SGG Community Discord/BR Voice 🔊 -> [UNMUTE]
[369.5543797016143799] 2018-05-08 17:48:14,659 - VOICEDEBUG - musicbot.bot | In bot.py::MainThread(12672), line 2938 in on_voice_state_update: Voice state update for 441110608528670721/SGG killer m3rk#3933 on SGG Community Discord/BR Voice 🔊 -> [UNMUTE]
[377.4427187442779541] 2018-05-08 17:48:22,547 - VOICEDEBUG - musicbot.bot | In bot.py::MainThread(12672), line 2938 in on_voice_state_update: Voice state update for 339338375075201025/DynasticHydra12#0759 on SGG Community Discord/BR Voice 🔊 -> [MUTE]
[388.4069828987121582] 2018-05-08 17:48:33,511 - VOICEDEBUG - musicbot.bot | In bot.py::MainThread(12672), line 2938 in on_voice_state_update: Voice state update for 438740922528956436/SGG Wolf#8823 on SGG Community Discord/BR Voice 🔊 -> [DISCONNECT]
[388.5664954185485840] 2018-05-08 17:48:33,671 - VOICEDEBUG - musicbot.bot | In bot.py::MainThread(12672), line 2938 in on_voice_state_update: Voice state update for 371704154705362944/Novus FM#0008 on SGG Community Discord/Novus FM 🎵 -> [DISCONNECT]
[422.4618802070617676] 2018-05-08 17:49:07,566 - VOICEDEBUG - musicbot.bot | In bot.py::MainThread(12672), line 2938 in on_voice_state_update: Voice state update for 169423295089868800/SGG PRO BEAST#1383 on SGG Community Discord/BR Voice 🔊 -> [MUTE]
[422.4798831939697266] 2018-05-08 17:49:07,584 - VOICEDEBUG - musicbot.bot | In bot.py::MainThread(12672), line 2938 in on_voice_state_update: Voice state update for 441110608528670721/SGG killer m3rk#3933 on SGG Community Discord/BR Voice 🔊 -> [MUTE]
[430.4874916076660156] 2018-05-08 17:49:15,592 - VOICEDEBUG - musicbot.bot | In bot.py::MainThread(12672), line 2938 in on_voice_state_update: Voice state update for 228317444068999178/SGG TinyTerrorX#5210 on SGG Community Discord/BR Voice 🔊 -> [DISCONNECT]
[435.1871018409729004] 2018-05-08 17:49:20,292 - VOICEDEBUG - musicbot.bot | In bot.py::MainThread(12672), line 2938 in on_voice_state_update: Voice state update for 228317444068999178/SGG TinyTerrorX#5210 on SGG Community Discord/BR Voice 🔊 -> [CONNECT]
[439.6316437721252441] 2018-05-08 17:49:24,736 - VOICEDEBUG - musicbot.bot | In bot.py::MainThread(12672), line 2938 in on_voice_state_update: Voice state update for 430520284236218378/SGG Synk#2289 on SGG Community Discord/BR Voice 🔊 -> [UNMUTE]
[440.4278306961059570] 2018-05-08 17:49:25,532 - VOICEDEBUG - musicbot.bot | In bot.py::MainThread(12672), line 2938 in on_voice_state_update: Voice state update for 228317444068999178/SGG TinyTerrorX#5210 on SGG Community Discord/BR Voice 🔊 -> [MUTE]
[444.0251383781433105] 2018-05-08 17:49:29,130 - VOICEDEBUG - musicbot.bot | In bot.py::MainThread(12672), line 2938 in on_voice_state_update: Voice state update for 430520284236218378/SGG Synk#2289 on SGG Community Discord/BR Voice 🔊 -> [MUTE]
[449.4034314155578613] 2018-05-08 17:49:34,508 - VOICEDEBUG - musicbot.bot | In bot.py::MainThread(12672), line 2938 in on_voice_state_update: Voice state update for 382366116657233950/Minigun#3953 on SGG Community Discord/BR Voice 🔊 -> [UNMUTE]
[460.6083133220672607] 2018-05-08 17:49:45,713 - VOICEDEBUG - musicbot.bot | In bot.py::MainThread(12672), line 2938 in on_voice_state_update: Voice state update for 382366116657233950/Minigun#3953 on SGG Community Discord/BR Voice 🔊 -> [MUTE]
[468.1257855892181396] 2018-05-08 17:49:53,230 - VOICEDEBUG - musicbot.bot | In bot.py::MainThread(12672), line 2938 in on_voice_state_update: Voice state update for 228317444068999178/SGG TinyTerrorX#5210 on SGG Community Discord/BR Voice 🔊 -> [UNMUTE]
[480.3497858047485352] 2018-05-08 17:50:05,454 - VOICEDEBUG - musicbot.bot | In bot.py::MainThread(12672), line 2938 in on_voice_state_update: Voice state update for 228317444068999178/SGG TinyTerrorX#5210 on SGG Community Discord/BR Voice 🔊 -> [MUTE]
[488.0148248672485352] 2018-05-08 17:50:13,119 - VOICEDEBUG - musicbot.bot | In bot.py::MainThread(12672), line 2938 in on_voice_state_update: Voice state update for 169423295089868800/SGG PRO BEAST#1383 on SGG Community Discord/BR Voice 🔊 -> [UNMUTE]
[501.3397433757781982] 2018-05-08 17:50:26,444 - VOICEDEBUG - musicbot.bot | In bot.py::MainThread(12672), line 2938 in on_voice_state_update: Voice state update for 169423295089868800/SGG PRO BEAST#1383 on SGG Community Discord/BR Voice 🔊 -> [MUTE]
[515.8666877746582031] 2018-05-08 17:50:40,971 - VOICEDEBUG - musicbot.bot | In bot.py::MainThread(12672), line 2938 in on_voice_state_update: Voice state update for 228317444068999178/SGG TinyTerrorX#5210 on SGG Community Discord/BR Voice 🔊 -> [UNMUTE]
[543.6138858795166016] 2018-05-08 17:51:08,718 - VOICEDEBUG - musicbot.bot | In bot.py::MainThread(12672), line 2938 in on_voice_state_update: Voice state update for 228317444068999178/SGG TinyTerrorX#5210 on SGG Community Discord/BR Voice 🔊 -> [DISCONNECT]
[547.2631402015686035] 2018-05-08 17:51:12,368 - VOICEDEBUG - musicbot.bot | In bot.py::MainThread(12672), line 2938 in on_voice_state_update: Voice state update for 383769406221844490/SGG Switch#4034 on SGG Community Discord/BR Voice 🔊 -> [MUTE]
[549.5375740528106689] 2018-05-08 17:51:14,642 - VOICEDEBUG - musicbot.bot | In bot.py::MainThread(12672), line 2938 in on_voice_state_update: Voice state update for 339121591080189963/Apo#9123 on SGG Community Discord/BR Voice 🔊 -> [DISCONNECT]
[549.9141626358032227] 2018-05-08 17:51:15,019 - VOICEDEBUG - musicbot.bot | In bot.py::MainThread(12672), line 2938 in on_voice_state_update: Voice state update for 383769406221844490/SGG Switch#4034 on SGG Community Discord/BR Voice 🔊 -> [UNMUTE]
[552.3661580085754395] 2018-05-08 17:51:17,471 - VOICEDEBUG - musicbot.bot | In bot.py::MainThread(12672), line 2938 in on_voice_state_update: Voice state update for 383769406221844490/SGG Switch#4034 on SGG Community Discord/BR Voice 🔊 -> [DISCONNECT]
[554.5605063438415527] 2018-05-08 17:51:19,665 - VOICEDEBUG - musicbot.bot | In bot.py::MainThread(12672), line 2938 in on_voice_state_update: Voice state update for 169423295089868800/SGG PRO BEAST#1383 on SGG Community Discord/BR Voice 🔊 -> [DISCONNECT]
[555.7945404052734375] 2018-05-08 17:51:20,899 - VOICEDEBUG - musicbot.bot | In bot.py::MainThread(12672), line 2938 in on_voice_state_update: Voice state update for 430520284236218378/SGG Synk#2289 on SGG Community Discord/BR Voice 🔊 -> [DISCONNECT]
[556.2341241836547852] 2018-05-08 17:51:21,339 - VOICEDEBUG - musicbot.bot | In bot.py::MainThread(12672), line 2938 in on_voice_state_update: Voice state update for 382366116657233950/Minigun#3953 on SGG Community Discord/BR Voice 🔊 -> [DISCONNECT]
[569.7836694717407227] 2018-05-08 17:51:34,888 - VOICEDEBUG - musicbot.bot | In bot.py::MainThread(12672), line 2929 in on_voice_state_update: Empty voice state update, likely a session id change
[574.1766562461853027] 2018-05-08 17:51:39,281 - VOICEDEBUG - musicbot.bot | In bot.py::MainThread(12672), line 2938 in on_voice_state_update: Voice state update for 169423295089868800/SGG PRO BEAST#1383 on SGG Community Discord/BR Voice 🔊 -> [CONNECT]
[578.5061576366424561] 2018-05-08 17:51:43,611 - VOICEDEBUG - musicbot.bot | In bot.py::MainThread(12672), line 2938 in on_voice_state_update: Voice state update for 169423295089868800/SGG PRO BEAST#1383 on SGG Community Discord/BR Voice 🔊 -> [DISCONNECT]
[578.5251610279083252] 2018-05-08 17:51:43,630 - VOICEDEBUG - musicbot.bot | In bot.py::MainThread(12672), line 2938 in on_voice_state_update: Voice state update for 339338375075201025/DynasticHydra12#0759 on SGG Community Discord/BR Voice 🔊 -> [DISCONNECT]
[583.9902734756469727] 2018-05-08 17:51:49,095 - VOICEDEBUG - musicbot.bot | In bot.py::MainThread(12672), line 2938 in on_voice_state_update: Voice state update for 258823904066273281/SGG CLUTCH#9755 on SGG Community Discord/BR Voice 🔊 -> [DISCONNECT]
[585.3547034263610840] 2018-05-08 17:51:50,459 - VOICEDEBUG - musicbot.bot | In bot.py::MainThread(12672), line 2938 in on_voice_state_update: Voice state update for 171140671673991168/SGG Jesus#1315 on SGG Community Discord/BR Voice 🔊 -> [DISCONNECT]
[807.0977649688720703] 2018-05-08 17:55:32,202 - VOICEDEBUG - musicbot.bot | In bot.py::MainThread(12672), line 2938 in on_voice_state_update: Voice state update for 429311848949481483/PlumbBridge6428#6122 on SGG Community Discord/General 🔊 -> [CONNECT, MUTE]
[808.5788834095001221] 2018-05-08 17:55:33,683 - VOICEDEBUG - musicbot.bot | In bot.py::MainThread(12672), line 2938 in on_voice_state_update: Voice state update for 429311848949481483/PlumbBridge6428#6122 on SGG Community Discord/General 🔊 -> [DISCONNECT]
[1242.7811918258666992] 2018-05-08 18:02:47,886 - VOICEDEBUG - musicbot.bot | In bot.py::MainThread(12672), line 2938 in on_voice_state_update: Voice state update for 399754103879892993/SGG XCr4zyX#2172 on SGG Community Discord/BR Voice 🔊 -> [DISCONNECT]
[1506.0707111358642578] 2018-05-08 18:07:11,175 - VOICEDEBUG - musicbot.bot | In bot.py::MainThread(12672), line 2938 in on_voice_state_update: Voice state update for 441110608528670721/SGG killer m3rk#3933 on SGG Community Discord/AFK😴 -> [MOVE, MUTE]
[2014.7400147914886475] 2018-05-08 18:15:39,844 - VOICEDEBUG - musicbot.bot | In bot.py::MainThread(12672), line 2938 in on_voice_state_update: Voice state update for 169423295089868800/SGG PRO BEAST#1383 on SGG Community Discord/Music 1 🎵 -> [JOIN, CONNECT]
[2014.7400147914886475] 2018-05-08 18:15:39,844 - INFO - musicbot.bot | In bot.py::MainThread(12672), line 2949 in on_voice_state_update: 169423295089868800/SGG PRO BEAST#1383 has joined SGG Community Discord/Music 1 🎵
[2014.7450156211853027] 2018-05-08 18:15:39,849 - INFO - musicbot.bot | In bot.py::MainThread(12672), line 2977 in on_voice_state_update: Unpausing in SGG Community Discord/Music 1 🎵
[2034.1642189025878906] 2018-05-08 18:15:59,269 - INFO - musicbot.bot | In bot.py::MainThread(12672), line 2734 in on_message: 169423295089868800/SGG PRO BEAST#1383: .sggskip
[2034.2252223491668701] 2018-05-08 18:15:59,330 - DEBUG - musicbot.bot | In bot.py::MainThread(12672), line 679 in on_player_finished_playing: No content in current autoplaylist. Filling with new music...
[2036.9014377593994141] 2018-05-08 18:16:02,006 - DEBUG - musicbot.entry | In entry.py::MainThread(12672), line 54 in get_ready_future: Created future for None
[2036.9269404411315918] 2018-05-08 18:16:02,031 - INFO - musicbot.entry | In entry.py::MainThread(12672), line 220 in _really_download: Download started: https://youtube.com/watch?v=XSbZidsgMfw
[2038.3589198589324951] 2018-05-08 18:16:03,463 - INFO - musicbot.entry | In entry.py::MainThread(12672), line 230 in _really_download: Download complete: https://youtube.com/watch?v=XSbZidsgMfw
[2038.9089896678924561] 2018-05-08 18:16:04,013 - DEBUG - musicbot.entry | In entry.py::MainThread(12672), line 54 in get_ready_future: Created future for audio_cache\youtube-XSbZidsgMfw-Tyler_The_Creator_-_Yonkers.webm
[2038.9094905853271484] 2018-05-08 18:16:04,014 - DEBUG - musicbot.player | In player.py::MainThread(12672), line 269 in get_mean_volume: Calculating mean volume of audio_cache\youtube-XSbZidsgMfw-Tyler_The_Creator_-_Yonkers.webm
[2042.1926150321960449] 2018-05-08 18:16:07,297 - DEBUG - musicbot.player | In player.py::MainThread(12672), line 290 in get_mean_volume: Calculated mean volume as -10.8
[2042.1926150321960449] 2018-05-08 18:16:07,297 - FFMPEG - musicbot.player | In player.py::MainThread(12672), line 330 in _play: Creating player with options: -nostdin -af "volume=-0.0dB" audio_cache\youtube-XSbZidsgMfw-Tyler_The_Creator_-_Yonkers.webm
[2042.2061161994934082] 2018-05-08 18:16:07,311 - DEBUG - musicbot.bot | In bot.py::MainThread(12672), line 825 in serialize_queue: Serializing queue for 405127192767627264
[2042.2076170444488525] 2018-05-08 18:16:07,312 - DEBUG - musicbot.bot | In bot.py::MainThread(12672), line 868 in write_current_song: Writing current song for 405127192767627264
[2229.5749280452728271] 2018-05-08 18:19:14,679 - DEBUG - musicbot.entry | In entry.py::MainThread(12672), line 54 in get_ready_future: Created future for None
[2229.5759289264678955] 2018-05-08 18:19:14,680 - INFO - musicbot.entry | In entry.py::MainThread(12672), line 220 in _really_download: Download started: https://youtube.com/watch?v=O1RHkPGb31Q
[2231.5784108638763428] 2018-05-08 18:19:16,683 - DEBUG - musicbot.entry | In entry.py::MainThread(12672), line 54 in get_ready_future: Created future for None
[2231.7925851345062256] 2018-05-08 18:19:16,897 - INFO - musicbot.entry | In entry.py::MainThread(12672), line 230 in _really_download: Download complete: https://youtube.com/watch?v=O1RHkPGb31Q
[2231.7960855960845947] 2018-05-08 18:19:16,901 - DEBUG - musicbot.player | In player.py::MainThread(12672), line 269 in get_mean_volume: Calculating mean volume of audio_cache\youtube-O1RHkPGb31Q-Missio_-_I_Run_To_You.webm
[2234.8092741966247559] 2018-05-08 18:19:19,914 - DEBUG - musicbot.player | In player.py::MainThread(12672), line 290 in get_mean_volume: Calculated mean volume as -12.6
[2234.8092741966247559] 2018-05-08 18:19:19,914 - FFMPEG - musicbot.player | In player.py::MainThread(12672), line 330 in _play: Creating player with options: -nostdin -af "volume=-0.0dB" audio_cache\youtube-O1RHkPGb31Q-Missio_-_I_Run_To_You.webm
[2234.8222749233245850] 2018-05-08 18:19:19,927 - DEBUG - musicbot.bot | In bot.py::MainThread(12672), line 825 in serialize_queue: Serializing queue for 405127192767627264
[2234.8242750167846680] 2018-05-08 18:19:19,929 - DEBUG - musicbot.bot | In bot.py::MainThread(12672), line 868 in write_current_song: Writing current song for 405127192767627264
[2265.1846113204956055] 2018-05-08 18:19:50,289 - VOICEDEBUG - musicbot.bot | In bot.py::MainThread(12672), line 2938 in on_voice_state_update: Voice state update for 169423295089868800/SGG PRO BEAST#1383 on SGG Community Discord/Music 1 🎵 -> [LEAVE, DISCONNECT]
[2265.1851115226745605] 2018-05-08 18:19:50,290 - INFO - musicbot.bot | In bot.py::MainThread(12672), line 2949 in on_voice_state_update: 169423295089868800/SGG PRO BEAST#1383 has left SGG Community Discord/Music 1 🎵
[2265.1856110095977783] 2018-05-08 18:19:50,290 - INFO - musicbot.bot | In bot.py::MainThread(12672), line 2987 in on_voice_state_update: Pausing in SGG Community Discord/Music 1 🎵 (empty channel)
[2569.6187005043029785] 2018-05-08 18:24:54,723 - VOICEDEBUG - musicbot.bot | In bot.py::MainThread(12672), line 2938 in on_voice_state_update: Voice state update for 169423295089868800/SGG PRO BEAST#1383 on SGG Community Discord/Music 1 🎵 -> [JOIN, CONNECT]
[2569.6187005043029785] 2018-05-08 18:24:54,723 - INFO - musicbot.bot | In bot.py::MainThread(12672), line 2949 in on_voice_state_update: 169423295089868800/SGG PRO BEAST#1383 has joined SGG Community Discord/Music 1 🎵
[2569.6197009086608887] 2018-05-08 18:24:54,724 - INFO - musicbot.bot | In bot.py::MainThread(12672), line 2977 in on_voice_state_update: Unpausing in SGG Community Discord/Music 1 🎵
[2571.7127261161804199] 2018-05-08 18:24:56,817 - VOICEDEBUG - musicbot.bot | In bot.py::MainThread(12672), line 2938 in on_voice_state_update: Voice state update for 169423295089868800/SGG PRO BEAST#1383 on SGG Community Discord/Music 1 🎵 -> [LEAVE, DISCONNECT]
[2571.7132272720336914] 2018-05-08 18:24:56,818 - INFO - musicbot.bot | In bot.py::MainThread(12672), line 2949 in on_voice_state_update: 169423295089868800/SGG PRO BEAST#1383 has left SGG Community Discord/Music 1 🎵
[2571.7137272357940674] 2018-05-08 18:24:56,818 - INFO - musicbot.bot | In bot.py::MainThread(12672), line 2987 in on_voice_state_update: Pausing in SGG Community Discord/Music 1 🎵 (empty channel)
[2573.6692290306091309] 2018-05-08 18:24:58,774 - VOICEDEBUG - musicbot.bot | In bot.py::MainThread(12672), line 2938 in on_voice_state_update: Voice state update for 169423295089868800/SGG PRO BEAST#1383 on SGG Community Discord/Music 1 🎵 -> [JOIN, CONNECT]
[2573.6692290306091309] 2018-05-08 18:24:58,774 - INFO - musicbot.bot | In bot.py::MainThread(12672), line 2949 in on_voice_state_update: 169423295089868800/SGG PRO BEAST#1383 has joined SGG Community Discord/Music 1 🎵
[2573.6702048778533936] 2018-05-08 18:24:58,775 - INFO - musicbot.bot | In bot.py::MainThread(12672), line 2977 in on_voice_state_update: Unpausing in SGG Community Discord/Music 1 🎵
[2574.9766471385955811] 2018-05-08 18:25:00,081 - VOICEDEBUG - musicbot.bot | In bot.py::MainThread(12672), line 2938 in on_voice_state_update: Voice state update for 169423295089868800/SGG PRO BEAST#1383 on SGG Community Discord/Music 1 🎵 -> [DEAFEN]
[2600.8401565551757812] 2018-05-08 18:25:25,945 - VOICEDEBUG - musicbot.bot | In bot.py::MainThread(12672), line 2938 in on_voice_state_update: Voice state update for 393553459678543882/SGG Zeus#7689 on SGG Community Discord/Music 1 🎵 -> [JOIN, CONNECT]
[2600.8401565551757812] 2018-05-08 18:25:25,945 - INFO - musicbot.bot | In bot.py::MainThread(12672), line 2949 in on_voice_state_update: 393553459678543882/SGG Zeus#7689 has joined SGG Community Discord/Music 1 🎵
[2603.6445829868316650] 2018-05-08 18:25:28,749 - VOICEDEBUG - musicbot.bot | In bot.py::MainThread(12672), line 2938 in on_voice_state_update: Voice state update for 169423295089868800/SGG PRO BEAST#1383 on SGG Community Discord/Music 1 🎵 -> [UNDEAFEN]
[2603.7666182518005371] 2018-05-08 18:25:28,871 - VOICEDEBUG - musicbot.bot | In bot.py::MainThread(12672), line 2938 in on_voice_state_update: Voice state update for 371704154705362944/Novus FM#0008 on SGG Community Discord/Novus FM 🎵 -> [CONNECT]
[2622.3180911540985107] 2018-05-08 18:25:47,423 - VOICEDEBUG - musicbot.bot | In bot.py::MainThread(12672), line 2938 in on_voice_state_update: Voice state update for 393553459678543882/SGG Zeus#7689 on SGG Community Discord/Music 1 🎵 -> [MUTE]
[2649.3266460895538330] 2018-05-08 18:26:14,431 - INFO - musicbot.bot | In bot.py::MainThread(12672), line 2734 in on_message: 169423295089868800/SGG PRO BEAST#1383: .sggskip
[2652.3294568061828613] 2018-05-08 18:26:17,434 - DEBUG - musicbot.entry | In entry.py::MainThread(12672), line 54 in get_ready_future: Created future for None
[2652.3304364681243896] 2018-05-08 18:26:17,435 - INFO - musicbot.entry | In entry.py::MainThread(12672), line 220 in _really_download: Download started: https://youtube.com/watch?v=YoDh_gHDvkk
[2654.0660090446472168] 2018-05-08 18:26:19,170 - INFO - musicbot.entry | In entry.py::MainThread(12672), line 230 in _really_download: Download complete: https://youtube.com/watch?v=YoDh_gHDvkk
[2654.3347120285034180] 2018-05-08 18:26:19,439 - DEBUG - musicbot.entry | In entry.py::MainThread(12672), line 54 in get_ready_future: Created future for audio_cache\youtube-YoDh_gHDvkk-Queen_David_Bowie_-_Under_Pressure_Classic_Queen_Mix.webm
[2654.3351600170135498] 2018-05-08 18:26:19,440 - DEBUG - musicbot.player | In player.py::MainThread(12672), line 269 in get_mean_volume: Calculating mean volume of audio_cache\youtube-YoDh_gHDvkk-Queen_David_Bowie_-_Under_Pressure_Classic_Queen_Mix.webm
[2656.9560194015502930] 2018-05-08 18:26:22,060 - DEBUG - musicbot.player | In player.py::MainThread(12672), line 290 in get_mean_volume: Calculated mean volume as -15.1
[2656.9565191268920898] 2018-05-08 18:26:22,061 - FFMPEG - musicbot.player | In player.py::MainThread(12672), line 330 in _play: Creating player with options: -nostdin -af "volume=-0.0dB" audio_cache\youtube-YoDh_gHDvkk-Queen_David_Bowie_-_Under_Pressure_Classic_Queen_Mix.webm
[2656.9675204753875732] 2018-05-08 18:26:22,072 - DEBUG - musicbot.bot | In bot.py::MainThread(12672), line 825 in serialize_queue: Serializing queue for 405127192767627264
[2656.9685206413269043] 2018-05-08 18:26:22,073 - DEBUG - musicbot.bot | In bot.py::MainThread(12672), line 868 in write_current_song: Writing current song for 405127192767627264
[2686.1242682933807373] 2018-05-08 18:26:51,229 - INFO - musicbot.bot | In bot.py::MainThread(12672), line 2734 in on_message: 169423295089868800/SGG PRO BEAST#1383: .sggnp
[2691.3277766704559326] 2018-05-08 18:26:56,432 - DEBUG - musicbot.bot | In bot.py::MainThread(12672), line 973 in safe_delete_message: Cannot delete message ".sggnp", message not found
[2697.6839699745178223] 2018-05-08 18:27:02,788 - VOICEDEBUG - musicbot.bot | In bot.py::MainThread(12672), line 2938 in on_voice_state_update: Voice state update for 169423295089868800/SGG PRO BEAST#1383 on SGG Community Discord/Music 1 🎵 -> [DEAFEN]
[2697.7973210811614990] 2018-05-08 18:27:02,902 - VOICEDEBUG - musicbot.bot | In bot.py::MainThread(12672), line 2938 in on_voice_state_update: Voice state update for 371704154705362944/Novus FM#0008 on SGG Community Discord/Novus FM 🎵 -> [DISCONNECT]
[2704.5103802680969238] 2018-05-08 18:27:09,615 - VOICEDEBUG - musicbot.bot | In bot.py::MainThread(12672), line 2938 in on_voice_state_update: Voice state update for 169423295089868800/SGG PRO BEAST#1383 on SGG Community Discord/Music 1 🎵 -> [UNDEAFEN]
[2704.6283948421478271] 2018-05-08 18:27:09,733 - VOICEDEBUG - musicbot.bot | In bot.py::MainThread(12672), line 2938 in on_voice_state_update: Voice state update for 371704154705362944/Novus FM#0008 on SGG Community Discord/Novus FM 🎵 -> [CONNECT]
[2848.7793962955474854] 2018-05-08 18:29:33,884 - INFO - musicbot.bot | In bot.py::MainThread(12672), line 2734 in on_message: 169423295089868800/SGG PRO BEAST#1383: .sggskip
[2851.4797670841217041] 2018-05-08 18:29:36,584 - DEBUG - musicbot.entry | In entry.py::MainThread(12672), line 54 in get_ready_future: Created future for None
[2851.4807672500610352] 2018-05-08 18:29:36,585 - INFO - musicbot.entry | In entry.py::MainThread(12672), line 220 in _really_download: Download started: https://youtube.com/watch?v=UL0TTihpfxA
[2853.4784724712371826] 2018-05-08 18:29:38,583 - INFO - musicbot.entry | In entry.py::MainThread(12672), line 230 in _really_download: Download complete: https://youtube.com/watch?v=UL0TTihpfxA
[2853.4819731712341309] 2018-05-08 18:29:38,586 - DEBUG - musicbot.entry | In entry.py::MainThread(12672), line 54 in get_ready_future: Created future for audio_cache\youtube-UL0TTihpfxA-Canaan_Smith_-_Love_You_Like_That.webm
[2853.4819731712341309] 2018-05-08 18:29:38,586 - DEBUG - musicbot.player | In player.py::MainThread(12672), line 269 in get_mean_volume: Calculating mean volume of audio_cache\youtube-UL0TTihpfxA-Canaan_Smith_-_Love_You_Like_That.webm
[2855.8878068923950195] 2018-05-08 18:29:40,992 - DEBUG - musicbot.player | In player.py::MainThread(12672), line 290 in get_mean_volume: Calculated mean volume as -19.1
[2855.8883068561553955] 2018-05-08 18:29:40,993 - FFMPEG - musicbot.player | In player.py::MainThread(12672), line 330 in _play: Creating player with options: -nostdin -af "volume=6.0dB" audio_cache\youtube-UL0TTihpfxA-Canaan_Smith_-_Love_You_Like_That.webm
[2855.8998081684112549] 2018-05-08 18:29:41,004 - DEBUG - musicbot.bot | In bot.py::MainThread(12672), line 825 in serialize_queue: Serializing queue for 405127192767627264
[2855.9013082981109619] 2018-05-08 18:29:41,006 - DEBUG - musicbot.bot | In bot.py::MainThread(12672), line 868 in write_current_song: Writing current song for 405127192767627264
[2869.3612065315246582] 2018-05-08 18:29:54,466 - INFO - musicbot.bot | In bot.py::MainThread(12672), line 2734 in on_message: 169423295089868800/SGG PRO BEAST#1383: .sggqueue
[2877.4697887897491455] 2018-05-08 18:30:02,574 - INFO - musicbot.bot | In bot.py::MainThread(12672), line 2734 in on_message: 169423295089868800/SGG PRO BEAST#1383: .sggskip
[2878.5955121517181396] 2018-05-08 18:30:03,700 - ERROR - musicbot.bot | In bot.py::MainThread(12672), line 697 in on_player_finished_playing: Error processing youtube url:
ERROR: ZBsFntczDoM: YouTube said: This video is unavailable.
[2878.5965125560760498] 2018-05-08 18:30:03,701 - INFO - musicbot.bot | In bot.py::MainThread(12672), line 352 in remove_from_autoplaylist: Removing unplayable song from autoplaylist: https://youtube.com/watch?v=ZBsFntczDoM
[2878.5980129241943359] 2018-05-08 18:30:03,702 - INFO - musicbot.bot | In bot.py::MainThread(12672), line 366 in remove_from_autoplaylist: Updating autoplaylist
[2879.8510003089904785] 2018-05-08 18:30:04,955 - ERROR - musicbot.bot | In bot.py::MainThread(12672), line 697 in on_player_finished_playing: Error processing youtube url:
ERROR: C8uAc-oCtR8: YouTube said: This video is unavailable.
[2879.8520002365112305] 2018-05-08 18:30:04,956 - INFO - musicbot.bot | In bot.py::MainThread(12672), line 352 in remove_from_autoplaylist: Removing unplayable song from autoplaylist: https://youtube.com/watch?v=C8uAc-oCtR8
[2879.8535013198852539] 2018-05-08 18:30:04,958 - INFO - musicbot.bot | In bot.py::MainThread(12672), line 366 in remove_from_autoplaylist: Updating autoplaylist
[2882.6098003387451172] 2018-05-08 18:30:07,714 - DEBUG - musicbot.entry | In entry.py::MainThread(12672), line 54 in get_ready_future: Created future for None
[2882.6103005409240723] 2018-05-08 18:30:07,715 - INFO - musicbot.entry | In entry.py::MainThread(12672), line 220 in _really_download: Download started: https://youtube.com/watch?v=4bjPlBC4h_8
[2884.6100647449493408] 2018-05-08 18:30:09,714 - DEBUG - musicbot.entry | In entry.py::MainThread(12672), line 54 in get_ready_future: Created future for None
[2884.9436075687408447] 2018-05-08 18:30:10,048 - INFO - musicbot.entry | In entry.py::MainThread(12672), line 230 in _really_download: Download complete: https://youtube.com/watch?v=4bjPlBC4h_8
[2884.9466075897216797] 2018-05-08 18:30:10,051 - DEBUG - musicbot.player | In player.py::MainThread(12672), line 269 in get_mean_volume: Calculating mean volume of audio_cache\youtube-4bjPlBC4h_8-Watermelon_Man.webm
[2889.1626434326171875] 2018-05-08 18:30:14,267 - DEBUG - musicbot.player | In player.py::MainThread(12672), line 290 in get_mean_volume: Calculated mean volume as -15.5
[2889.1631433963775635] 2018-05-08 18:30:14,268 - FFMPEG - musicbot.player | In player.py::MainThread(12672), line 330 in _play: Creating player with options: -nostdin -af "volume=-0.0dB" audio_cache\youtube-4bjPlBC4h_8-Watermelon_Man.webm
[2889.1736454963684082] 2018-05-08 18:30:14,278 - DEBUG - musicbot.bot | In bot.py::MainThread(12672), line 825 in serialize_queue: Serializing queue for 405127192767627264
[2889.1756451129913330] 2018-05-08 18:30:14,280 - DEBUG - musicbot.bot | In bot.py::MainThread(12672), line 868 in write_current_song: Writing current song for 405127192767627264
[2908.2414100170135498] 2018-05-08 18:30:33,346 - INFO - musicbot.bot | In bot.py::MainThread(12672), line 2734 in on_message: 169423295089868800/SGG PRO BEAST#1383: .sggskip
[2910.9397747516632080] 2018-05-08 18:30:36,044 - DEBUG - musicbot.entry | In entry.py::MainThread(12672), line 54 in get_ready_future: Created future for None
[2910.9407746791839600] 2018-05-08 18:30:36,045 - INFO - musicbot.entry | In entry.py::MainThread(12672), line 220 in _really_download: Download started: https://youtube.com/watch?v=GVYl_hiD1oQ
[2912.9445307254791260] 2018-05-08 18:30:38,049 - DEBUG - musicbot.entry | In entry.py::MainThread(12672), line 54 in get_ready_future: Created future for None
[2913.1222724914550781] 2018-05-08 18:30:38,227 - INFO - musicbot.entry | In entry.py::MainThread(12672), line 230 in _really_download: Download complete: https://youtube.com/watch?v=GVYl_hiD1oQ
[2913.1252729892730713] 2018-05-08 18:30:38,230 - DEBUG - musicbot.player | In player.py::MainThread(12672), line 269 in get_mean_volume: Calculating mean volume of audio_cache\youtube-GVYl_hiD1oQ-DEATH_ANGEL_-_Lost_OFFICIAL_MUSIC_VIDEO.webm
[2914.3149242401123047] 2018-05-08 18:30:39,419 - DEBUG - musicbot.player | In player.py::MainThread(12672), line 290 in get_mean_volume: Calculated mean volume as -9.7
[2914.3149242401123047] 2018-05-08 18:30:39,419 - FFMPEG - musicbot.player | In player.py::MainThread(12672), line 330 in _play: Creating player with options: -nostdin -af "volume=-0.0dB" audio_cache\youtube-GVYl_hiD1oQ-DEATH_ANGEL_-_Lost_OFFICIAL_MUSIC_VIDEO.webm
[2914.3264248371124268] 2018-05-08 18:30:39,431 - DEBUG - musicbot.bot | In bot.py::MainThread(12672), line 825 in serialize_queue: Serializing queue for 405127192767627264
[2914.3279249668121338] 2018-05-08 18:30:39,432 - DEBUG - musicbot.bot | In bot.py::MainThread(12672), line 868 in write_current_song: Writing current song for 405127192767627264
[3202.1473002433776855] 2018-05-08 18:35:27,252 - VOICEDEBUG - musicbot.bot | In bot.py::MainThread(12672), line 2938 in on_voice_state_update: Voice state update for 393553459678543882/SGG Zeus#7689 on SGG Community Discord/Music 1 🎵 -> [DEAFEN]
[3202.2678360939025879] 2018-05-08 18:35:27,372 - VOICEDEBUG - musicbot.bot | In bot.py::MainThread(12672), line 2938 in on_voice_state_update: Voice state update for 371704154705362944/Novus FM#0008 on SGG Community Discord/Novus FM 🎵 -> [DISCONNECT]
[3229.5791716575622559] 2018-05-08 18:35:54,684 - DEBUG - musicbot.entry | In entry.py::MainThread(12672), line 54 in get_ready_future: Created future for None
[3229.5801725387573242] 2018-05-08 18:35:54,685 - INFO - musicbot.entry | In entry.py::MainThread(12672), line 220 in _really_download: Download started: https://youtube.com/watch?v=lIhvOOT2zbQ
[3231.0403575897216797] 2018-05-08 18:35:56,145 - INFO - musicbot.entry | In entry.py::MainThread(12672), line 230 in _really_download: Download complete: https://youtube.com/watch?v=lIhvOOT2zbQ
[3231.5764253139495850] 2018-05-08 18:35:56,681 - DEBUG - musicbot.entry | In entry.py::MainThread(12672), line 54 in get_ready_future: Created future for audio_cache\youtube-lIhvOOT2zbQ-WILDES_-_Illuminate.webm
[3231.5769305229187012] 2018-05-08 18:35:56,681 - DEBUG - musicbot.player | In player.py::MainThread(12672), line 269 in get_mean_volume: Calculating mean volume of audio_cache\youtube-lIhvOOT2zbQ-WILDES_-_Illuminate.webm
[3234.6443161964416504] 2018-05-08 18:35:59,749 - DEBUG - musicbot.player | In player.py::MainThread(12672), line 290 in get_mean_volume: Calculated mean volume as -16.0
[3234.6448156833648682] 2018-05-08 18:35:59,749 - FFMPEG - musicbot.player | In player.py::MainThread(12672), line 330 in _play: Creating player with options: -nostdin -af "volume=3.1dB" audio_cache\youtube-lIhvOOT2zbQ-WILDES_-_Illuminate.webm
[3234.6568164825439453] 2018-05-08 18:35:59,761 - DEBUG - musicbot.bot | In bot.py::MainThread(12672), line 825 in serialize_queue: Serializing queue for 405127192767627264
[3234.6583175659179688] 2018-05-08 18:35:59,763 - DEBUG - musicbot.bot | In bot.py::MainThread(12672), line 868 in write_current_song: Writing current song for 405127192767627264
[3266.0480818748474121] 2018-05-08 18:36:31,152 - INFO - musicbot.bot | In bot.py::MainThread(12672), line 2734 in on_message: 169423295089868800/SGG PRO BEAST#1383: .sggskip
[3268.6663324832916260] 2018-05-08 18:36:33,771 - DEBUG - musicbot.entry | In entry.py::MainThread(12672), line 54 in get_ready_future: Created future for None
[3268.6673333644866943] 2018-05-08 18:36:33,772 - INFO - musicbot.entry | In entry.py::MainThread(12672), line 220 in _really_download: Download started: https://youtube.com/watch?v=7tNVaV96PuI
[3270.6772360801696777] 2018-05-08 18:36:35,782 - DEBUG - musicbot.entry | In entry.py::MainThread(12672), line 54 in get_ready_future: Created future for None
[3270.9442698955535889] 2018-05-08 18:36:36,049 - INFO - musicbot.entry | In entry.py::MainThread(12672), line 230 in _really_download: Download complete: https://youtube.com/watch?v=7tNVaV96PuI
[3270.9482703208923340] 2018-05-08 18:36:36,053 - DEBUG - musicbot.player | In player.py::MainThread(12672), line 269 in get_mean_volume: Calculating mean volume of audio_cache\youtube-7tNVaV96PuI-Stam1na_-_Eloonjaanyt.webm
[3273.3790788650512695] 2018-05-08 18:36:38,483 - DEBUG - musicbot.player | In player.py::MainThread(12672), line 290 in get_mean_volume: Calculated mean volume as -8.9
[3273.3790788650512695] 2018-05-08 18:36:38,483 - FFMPEG - musicbot.player | In player.py::MainThread(12672), line 330 in _play: Creating player with options: -nostdin -af "volume=-0.0dB" audio_cache\youtube-7tNVaV96PuI-Stam1na_-_Eloonjaanyt.webm
[3273.3905813694000244] 2018-05-08 18:36:38,495 - DEBUG - musicbot.bot | In bot.py::MainThread(12672), line 825 in serialize_queue: Serializing queue for 405127192767627264
[3273.3920805454254150] 2018-05-08 18:36:38,496 - DEBUG - musicbot.bot | In bot.py::MainThread(12672), line 868 in write_current_song: Writing current song for 405127192767627264
[3300.7602987289428711] 2018-05-08 18:37:05,865 - INFO - musicbot.bot | In bot.py::MainThread(12672), line 2734 in on_message: 169423295089868800/SGG PRO BEAST#1383: .sggskip
[3302.7913186550140381] 2018-05-08 18:37:07,896 - DEBUG - musicbot.entry | In entry.py::MainThread(12672), line 54 in get_ready_future: Created future for None
[3302.7923183441162109] 2018-05-08 18:37:07,897 - INFO - musicbot.entry | In entry.py::MainThread(12672), line 220 in _really_download: Download started: https://youtube.com/watch?v=kqjeNSNuNPM
[3304.2905812263488770] 2018-05-08 18:37:09,395 - INFO - musicbot.entry | In entry.py::MainThread(12672), line 230 in _really_download: Download complete: https://youtube.com/watch?v=kqjeNSNuNPM
[3304.7960674762725830] 2018-05-08 18:37:09,900 - DEBUG - musicbot.entry | In entry.py::MainThread(12672), line 54 in get_ready_future: Created future for audio_cache\youtube-kqjeNSNuNPM-Chinese_Man_-_I_ve_Got_That_Tune_-_OFFICIAL_VIDEO.webm
[3304.7960674762725830] 2018-05-08 18:37:09,900 - DEBUG - musicbot.player | In player.py::MainThread(12672), line 269 in get_mean_volume: Calculating mean volume of audio_cache\youtube-kqjeNSNuNPM-Chinese_Man_-_I_ve_Got_That_Tune_-_OFFICIAL_VIDEO.webm
[3307.6244270801544189] 2018-05-08 18:37:12,729 - DEBUG - musicbot.player | In player.py::MainThread(12672), line 290 in get_mean_volume: Calculated mean volume as -11.8
[3307.6249277591705322] 2018-05-08 18:37:12,729 - FFMPEG - musicbot.player | In player.py::MainThread(12672), line 330 in _play: Creating player with options: -nostdin -af "volume=-0.0dB" audio_cache\youtube-kqjeNSNuNPM-Chinese_Man_-_I_ve_Got_That_Tune_-_OFFICIAL_VIDEO.webm
[3307.6359288692474365] 2018-05-08 18:37:12,740 - DEBUG - musicbot.bot | In bot.py::MainThread(12672), line 825 in serialize_queue: Serializing queue for 405127192767627264
[3307.6379299163818359] 2018-05-08 18:37:12,742 - DEBUG - musicbot.bot | In bot.py::MainThread(12672), line 868 in write_current_song: Writing current song for 405127192767627264
[3393.6239821910858154] 2018-05-08 18:38:38,728 - VOICEDEBUG - musicbot.bot | In bot.py::MainThread(12672), line 2938 in on_voice_state_update: Voice state update for 411671492099702797/SGG MARLIN238#3812 on SGG Community Discord/Music 1 🎵 -> [JOIN, CONNECT, MUTE, MUTE]
[3393.6244871616363525] 2018-05-08 18:38:38,729 - INFO - musicbot.bot | In bot.py::MainThread(12672), line 2949 in on_voice_state_update: 411671492099702797/SGG MARLIN238#3812 has joined SGG Community Discord/Music 1 🎵
[3546.0607986450195312] 2018-05-08 18:41:11,165 - VOICEDEBUG - musicbot.bot | In bot.py::MainThread(12672), line 2938 in on_voice_state_update: Voice state update for 169423295089868800/SGG PRO BEAST#1383 on SGG Community Discord/Music 1 🎵 -> [DEAFEN]
[3579.7962298393249512] 2018-05-08 18:41:44,901 - DEBUG - musicbot.entry | In entry.py::MainThread(12672), line 54 in get_ready_future: Created future for None
[3579.7972297668457031] 2018-05-08 18:41:44,902 - INFO - musicbot.entry | In entry.py::MainThread(12672), line 220 in _really_download: Download started: https://youtube.com/watch?v=2YVtby__ZS0
[3581.7993223667144775] 2018-05-08 18:41:46,904 - DEBUG - musicbot.entry | In entry.py::MainThread(12672), line 54 in get_ready_future: Created future for None
[3581.8018224239349365] 2018-05-08 18:41:46,906 - INFO - musicbot.entry | In entry.py::MainThread(12672), line 230 in _really_download: Download complete: https://youtube.com/watch?v=2YVtby__ZS0
[3581.8058230876922607] 2018-05-08 18:41:46,910 - DEBUG - musicbot.player | In player.py::MainThread(12672), line 269 in get_mean_volume: Calculating mean volume of audio_cache\youtube-2YVtby__ZS0-Uppermost_-_Satellite.webm
[3582.9692764282226562] 2018-05-08 18:41:48,074 - DEBUG - musicbot.player | In player.py::MainThread(12672), line 290 in get_mean_volume: Calculated mean volume as -11.2
[3582.9692764282226562] 2018-05-08 18:41:48,074 - FFMPEG - musicbot.player | In player.py::MainThread(12672), line 330 in _play: Creating player with options: -nostdin -af "volume=-0.0dB" audio_cache\youtube-2YVtby__ZS0-Uppermost_-_Satellite.webm
[3582.9797778129577637] 2018-05-08 18:41:48,084 - DEBUG - musicbot.bot | In bot.py::MainThread(12672), line 825 in serialize_queue: Serializing queue for 405127192767627264
[3582.9812786579132080] 2018-05-08 18:41:48,086 - DEBUG - musicbot.bot | In bot.py::MainThread(12672), line 868 in write_current_song: Writing current song for 405127192767627264
[3598.4650547504425049] 2018-05-08 18:42:03,569 - VOICEDEBUG - musicbot.bot | In bot.py::MainThread(12672), line 2938 in on_voice_state_update: Voice state update for 397643063926980608/SGG Dankdoom#1419 on SGG Community Discord/Music 1 🎵 -> [JOIN, CONNECT, MUTE]
[3598.4650547504425049] 2018-05-08 18:42:03,569 - INFO - musicbot.bot | In bot.py::MainThread(12672), line 2949 in on_voice_state_update: 397643063926980608/SGG Dankdoom#1419 has joined SGG Community Discord/Music 1 🎵
[3598.7675926685333252] 2018-05-08 18:42:03,872 - VOICEDEBUG - musicbot.bot | In bot.py::MainThread(12672), line 2938 in on_voice_state_update: Voice state update for 397643063926980608/SGG Dankdoom#1419 on SGG Community Discord/Music 1 🎵 -> [MUTE]
[3602.8393404483795166] 2018-05-08 18:42:07,944 - VOICEDEBUG - musicbot.bot | In bot.py::MainThread(12672), line 2938 in on_voice_state_update: Voice state update for 169423295089868800/SGG PRO BEAST#1383 on SGG Community Discord/Music 1 🎵 -> [UNDEAFEN]
[3602.9674339294433594] 2018-05-08 18:42:08,072 - VOICEDEBUG - musicbot.bot | In bot.py::MainThread(12672), line 2938 in on_voice_state_update: Voice state update for 371704154705362944/Novus FM#0008 on SGG Community Discord/Novus FM 🎵 -> [CONNECT]
[3608.2093522548675537] 2018-05-08 18:42:13,314 - INFO - musicbot.bot | In bot.py::MainThread(12672), line 2734 in on_message: 169423295089868800/SGG PRO BEAST#1383: .sggskip
[3620.1017594337463379] 2018-05-08 18:42:25,206 - VOICEDEBUG - musicbot.bot | In bot.py::MainThread(12672), line 2938 in on_voice_state_update: Voice state update for 411671492099702797/SGG MARLIN238#3812 on SGG Community Discord/Music 1 🎵 -> [LEAVE, DISCONNECT]
[3620.1017594337463379] 2018-05-08 18:42:25,206 - INFO - musicbot.bot | In bot.py::MainThread(12672), line 2949 in on_voice_state_update: 411671492099702797/SGG MARLIN238#3812 has left SGG Community Discord/Music 1 🎵
[3620.2177741527557373] 2018-05-08 18:42:25,322 - VOICEDEBUG - musicbot.bot | In bot.py::MainThread(12672), line 2938 in on_voice_state_update: Voice state update for 371704154705362944/Novus FM#0008 on SGG Community Discord/Novus FM 🎵 -> [DISCONNECT]
[3652.8977975845336914] 2018-05-08 18:42:58,002 - INFO - musicbot.bot | In bot.py::MainThread(12672), line 2734 in on_message: 169423295089868800/SGG PRO BEAST#1383: .sggskip
[3655.9220066070556641] 2018-05-08 18:43:01,026 - DEBUG - musicbot.entry | In entry.py::MainThread(12672), line 54 in get_ready_future: Created future for None
[3655.9230065345764160] 2018-05-08 18:43:01,027 - INFO - musicbot.entry | In entry.py::MainThread(12672), line 220 in _really_download: Download started: https://youtube.com/watch?v=qc98u-eGzlc
[3657.9247879981994629] 2018-05-08 18:43:03,029 - DEBUG - musicbot.entry | In entry.py::MainThread(12672), line 54 in get_ready_future: Created future for None
[3657.9441988468170166] 2018-05-08 18:43:03,049 - INFO - musicbot.entry | In entry.py::MainThread(12672), line 230 in _really_download: Download complete: https://youtube.com/watch?v=qc98u-eGzlc
[3657.9476981163024902] 2018-05-08 18:43:03,052 - DEBUG - musicbot.player | In player.py::MainThread(12672), line 269 in get_mean_volume: Calculating mean volume of audio_cache\youtube-qc98u-eGzlc-MESHUGGAH_-_Bleed_OFFICIAL_MUSIC_VIDEO.webm
[3660.9658064842224121] 2018-05-08 18:43:06,070 - DEBUG - musicbot.player | In player.py::MainThread(12672), line 290 in get_mean_volume: Calculated mean volume as -12.5
[3660.9658064842224121] 2018-05-08 18:43:06,070 - FFMPEG - musicbot.player | In player.py::MainThread(12672), line 330 in _play: Creating player with options: -nostdin -af "volume=-0.0dB" audio_cache\youtube-qc98u-eGzlc-MESHUGGAH_-_Bleed_OFFICIAL_MUSIC_VIDEO.webm
[3660.9768068790435791] 2018-05-08 18:43:06,081 - DEBUG - musicbot.bot | In bot.py::MainThread(12672), line 825 in serialize_queue: Serializing queue for 405127192767627264
[3660.9783070087432861] 2018-05-08 18:43:06,083 - DEBUG - musicbot.bot | In bot.py::MainThread(12672), line 868 in write_current_song: Writing current song for 405127192767627264
[3671.9747290611267090] 2018-05-08 18:43:17,079 - INFO - musicbot.bot | In bot.py::MainThread(12672), line 2734 in on_message: 169423295089868800/SGG PRO BEAST#1383: .sggskip
[3673.8952763080596924] 2018-05-08 18:43:19,000 - DEBUG - musicbot.entry | In entry.py::MainThread(12672), line 54 in get_ready_future: Created future for None
[3673.8962759971618652] 2018-05-08 18:43:19,001 - INFO - musicbot.entry | In entry.py::MainThread(12672), line 220 in _really_download: Download started: https://youtube.com/watch?v=GhKm_SdHsLs
[3675.6814897060394287] 2018-05-08 18:43:20,786 - INFO - musicbot.entry | In entry.py::MainThread(12672), line 230 in _really_download: Download complete: https://youtube.com/watch?v=GhKm_SdHsLs
[3675.8885154724121094] 2018-05-08 18:43:20,993 - DEBUG - musicbot.entry | In entry.py::MainThread(12672), line 54 in get_ready_future: Created future for audio_cache\youtube-GhKm_SdHsLs-Eric_Prydz_-_Generate.webm
[3675.8885154724121094] 2018-05-08 18:43:20,993 - DEBUG - musicbot.player | In player.py::MainThread(12672), line 269 in get_mean_volume: Calculating mean volume of audio_cache\youtube-GhKm_SdHsLs-Eric_Prydz_-_Generate.webm
[3677.3742051124572754] 2018-05-08 18:43:22,479 - DEBUG - musicbot.player | In player.py::MainThread(12672), line 290 in get_mean_volume: Calculated mean volume as -11.5
[3677.3742051124572754] 2018-05-08 18:43:22,479 - FFMPEG - musicbot.player | In player.py::MainThread(12672), line 330 in _play: Creating player with options: -nostdin -af "volume=-0.0dB" audio_cache\youtube-GhKm_SdHsLs-Eric_Prydz_-_Generate.webm
[3677.3857066631317139] 2018-05-08 18:43:22,490 - DEBUG - musicbot.bot | In bot.py::MainThread(12672), line 825 in serialize_queue: Serializing queue for 405127192767627264
[3677.3872060775756836] 2018-05-08 18:43:22,492 - DEBUG - musicbot.bot | In bot.py::MainThread(12672), line 868 in write_current_song: Writing current song for 405127192767627264
[3685.7094814777374268] 2018-05-08 18:43:30,814 - INFO - musicbot.bot | In bot.py::MainThread(12672), line 2734 in on_message: 169423295089868800/SGG PRO BEAST#1383: .sggskip
[3687.6218130588531494] 2018-05-08 18:43:32,726 - DEBUG - musicbot.entry | In entry.py::MainThread(12672), line 54 in get_ready_future: Created future for None
[3687.6233122348785400] 2018-05-08 18:43:32,728 - INFO - musicbot.entry | In entry.py::MainThread(12672), line 220 in _really_download: Download started: https://youtube.com/watch?v=_yNAABKD4IA
[3689.6229438781738281] 2018-05-08 18:43:34,727 - DEBUG - musicbot.entry | In entry.py::MainThread(12672), line 54 in get_ready_future: Created future for None
[3689.6739501953125000] 2018-05-08 18:43:34,778 - INFO - musicbot.entry | In entry.py::MainThread(12672), line 230 in _really_download: Download complete: https://youtube.com/watch?v=_yNAABKD4IA
[3689.6764500141143799] 2018-05-08 18:43:34,781 - DEBUG - musicbot.player | In player.py::MainThread(12672), line 269 in get_mean_volume: Calculating mean volume of audio_cache\youtube-_yNAABKD4IA-Tool_-_Schism_-_Lyrics_1080p_-_High_Quality.webm
[3694.0625073909759521] 2018-05-08 18:43:39,167 - DEBUG - musicbot.player | In player.py::MainThread(12672), line 290 in get_mean_volume: Calculated mean volume as -15.2
[3694.0625073909759521] 2018-05-08 18:43:39,167 - FFMPEG - musicbot.player | In player.py::MainThread(12672), line 330 in _play: Creating player with options: -nostdin -af "volume=-0.0dB" audio_cache\youtube-_yNAABKD4IA-Tool_-_Schism_-_Lyrics_1080p_-_High_Quality.webm
[3694.0745093822479248] 2018-05-08 18:43:39,179 - DEBUG - musicbot.bot | In bot.py::MainThread(12672), line 825 in serialize_queue: Serializing queue for 405127192767627264
[3694.0760095119476318] 2018-05-08 18:43:39,180 - DEBUG - musicbot.bot | In bot.py::MainThread(12672), line 868 in write_current_song: Writing current song for 405127192767627264
[3717.9092669486999512] 2018-05-08 18:44:03,014 - INFO - musicbot.bot | In bot.py::MainThread(12672), line 2734 in on_message: 169423295089868800/SGG PRO BEAST#1383: .sggskip
[3718.4663641452789307] 2018-05-08 18:44:03,571 - VOICEDEBUG - musicbot.bot | In bot.py::MainThread(12672), line 2938 in on_voice_state_update: Voice state update for 397643063926980608/SGG Dankdoom#1419 on SGG Community Discord/Music 1 🎵 -> [LEAVE, DISCONNECT]
[3718.4663641452789307] 2018-05-08 18:44:03,571 - INFO - musicbot.bot | In bot.py::MainThread(12672), line 2949 in on_voice_state_update: 397643063926980608/SGG Dankdoom#1419 has left SGG Community Discord/Music 1 🎵
[3719.9087085723876953] 2018-05-08 18:44:05,013 - DEBUG - musicbot.entry | In entry.py::MainThread(12672), line 54 in get_ready_future: Created future for None
[3719.9097094535827637] 2018-05-08 18:44:05,014 - INFO - musicbot.entry | In entry.py::MainThread(12672), line 220 in _really_download: Download started: https://youtube.com/watch?v=LO3uqkaFRkY
[3721.5792024135589600] 2018-05-08 18:44:06,684 - INFO - musicbot.entry | In entry.py::MainThread(12672), line 230 in _really_download: Download complete: https://youtube.com/watch?v=LO3uqkaFRkY
[3721.9082443714141846] 2018-05-08 18:44:07,013 - DEBUG - musicbot.entry | In entry.py::MainThread(12672), line 54 in get_ready_future: Created future for audio_cache\youtube-LO3uqkaFRkY-KRNE_-_I_ll_Be_Good.webm
[3721.9087440967559814] 2018-05-08 18:44:07,013 - DEBUG - musicbot.player | In player.py::MainThread(12672), line 269 in get_mean_volume: Calculating mean volume of audio_cache\youtube-LO3uqkaFRkY-KRNE_-_I_ll_Be_Good.webm
[3724.5785441398620605] 2018-05-08 18:44:09,683 - DEBUG - musicbot.player | In player.py::MainThread(12672), line 290 in get_mean_volume: Calculated mean volume as -9.9
[3724.5790450572967529] 2018-05-08 18:44:09,683 - FFMPEG - musicbot.player | In player.py::MainThread(12672), line 330 in _play: Creating player with options: -nostdin -af "volume=-0.0dB" audio_cache\youtube-LO3uqkaFRkY-KRNE_-_I_ll_Be_Good.webm
[3724.5905461311340332] 2018-05-08 18:44:09,695 - DEBUG - musicbot.bot | In bot.py::MainThread(12672), line 825 in serialize_queue: Serializing queue for 405127192767627264
[3724.5920474529266357] 2018-05-08 18:44:09,696 - DEBUG - musicbot.bot | In bot.py::MainThread(12672), line 868 in write_current_song: Writing current song for 405127192767627264
[3893.1709370613098145] 2018-05-08 18:46:58,275 - VOICEDEBUG - musicbot.bot | In bot.py::MainThread(12672), line 2938 in on_voice_state_update: Voice state update for 397643063926980608/SGG Dankdoom#1419 on SGG Community Discord/Music 1 🎵 -> [JOIN, CONNECT, UNMUTE]
[3893.1714372634887695] 2018-05-08 18:46:58,276 - INFO - musicbot.bot | In bot.py::MainThread(12672), line 2949 in on_voice_state_update: 397643063926980608/SGG Dankdoom#1419 has joined SGG Community Discord/Music 1 🎵
[3893.4355328083038330] 2018-05-08 18:46:58,540 - VOICEDEBUG - musicbot.bot | In bot.py::MainThread(12672), line 2938 in on_voice_state_update: Voice state update for 397643063926980608/SGG Dankdoom#1419 on SGG Community Discord/Music 1 🎵 -> [MUTE]
[3967.3796999454498291] 2018-05-08 18:48:12,484 - DEBUG - musicbot.entry | In entry.py::MainThread(12672), line 54 in get_ready_future: Created future for None
[3967.3807001113891602] 2018-05-08 18:48:12,485 - INFO - musicbot.entry | In entry.py::MainThread(12672), line 220 in _really_download: Download started: https://youtube.com/watch?v=8uC35poq1Zs
[3968.9721748828887939] 2018-05-08 18:48:14,077 - INFO - musicbot.entry | In entry.py::MainThread(12672), line 230 in _really_download: Download complete: https://youtube.com/watch?v=8uC35poq1Zs
[3969.3811352252960205] 2018-05-08 18:48:14,486 - DEBUG - musicbot.entry | In entry.py::MainThread(12672), line 54 in get_ready_future: Created future for audio_cache\youtube-8uC35poq1Zs-Run_The_Jewels_-_Job_Well_Done_feat._Until_The_Ribbon_Breaks_from_the_Run_The_Jewels_album.webm
[3969.3811352252960205] 2018-05-08 18:48:14,486 - DEBUG - musicbot.player | In player.py::MainThread(12672), line 269 in get_mean_volume: Calculating mean volume of audio_cache\youtube-8uC35poq1Zs-Run_The_Jewels_-_Job_Well_Done_feat._Until_The_Ribbon_Breaks_from_the_Run_The_Jewels_album.webm
[3971.4248957633972168] 2018-05-08 18:48:16,529 - DEBUG - musicbot.player | In player.py::MainThread(12672), line 290 in get_mean_volume: Calculated mean volume as -10.8
[3971.4248957633972168] 2018-05-08 18:48:16,529 - FFMPEG - musicbot.player | In player.py::MainThread(12672), line 330 in _play: Creating player with options: -nostdin -af "volume=-0.0dB" audio_cache\youtube-8uC35poq1Zs-Run_The_Jewels_-_Job_Well_Done_feat._Until_The_Ribbon_Breaks_from_the_Run_The_Jewels_album.webm
[3971.4373972415924072] 2018-05-08 18:48:16,542 - DEBUG - musicbot.bot | In bot.py::MainThread(12672), line 825 in serialize_queue: Serializing queue for 405127192767627264
[3971.4388964176177979] 2018-05-08 18:48:16,543 - DEBUG - musicbot.bot | In bot.py::MainThread(12672), line 868 in write_current_song: Writing current song for 405127192767627264
[4012.8589012622833252] 2018-05-08 18:48:57,963 - VOICEDEBUG - musicbot.bot | In bot.py::MainThread(12672), line 2938 in on_voice_state_update: Voice state update for 397643063926980608/SGG Dankdoom#1419 on SGG Community Discord/Music 1 🎵 -> [LEAVE, DISCONNECT]
[4012.8594012260437012] 2018-05-08 18:48:57,964 - INFO - musicbot.bot | In bot.py::MainThread(12672), line 2949 in on_voice_state_update: 397643063926980608/SGG Dankdoom#1419 has left SGG Community Discord/Music 1 🎵
[4023.2439057826995850] 2018-05-08 18:49:08,348 - INFO - musicbot.bot | In bot.py::MainThread(12672), line 2734 in on_message: 169423295089868800/SGG PRO BEAST#1383: .sggskip
[4025.7754571437835693] 2018-05-08 18:49:10,880 - DEBUG - musicbot.entry | In entry.py::MainThread(12672), line 54 in get_ready_future: Created future for None
[4025.7764573097229004] 2018-05-08 18:49:10,881 - INFO - musicbot.entry | In entry.py::MainThread(12672), line 220 in _really_download: Download started: https://youtube.com/watch?v=lTpaBK5HYz4
[4027.7800705432891846] 2018-05-08 18:49:12,884 - DEBUG - musicbot.entry | In entry.py::MainThread(12672), line 54 in get_ready_future: Created future for None
[4027.8375785350799561] 2018-05-08 18:49:12,942 - INFO - musicbot.entry | In entry.py::MainThread(12672), line 230 in _really_download: Download complete: https://youtube.com/watch?v=lTpaBK5HYz4
[4027.8400785923004150] 2018-05-08 18:49:12,944 - DEBUG - musicbot.player | In player.py::MainThread(12672), line 269 in get_mean_volume: Calculating mean volume of audio_cache\youtube-lTpaBK5HYz4-J-Cole_-_Apparently_Lyrics_Video.webm
[4031.2535123825073242] 2018-05-08 18:49:16,358 - DEBUG - musicbot.player | In player.py::MainThread(12672), line 290 in get_mean_volume: Calculated mean volume as -13.1
[4031.2535123825073242] 2018-05-08 18:49:16,358 - FFMPEG - musicbot.player | In player.py::MainThread(12672), line 330 in _play: Creating player with options: -nostdin -af "volume=-0.0dB" audio_cache\youtube-lTpaBK5HYz4-J-Cole_-_Apparently_Lyrics_Video.webm
[4031.2665143013000488] 2018-05-08 18:49:16,371 - DEBUG - musicbot.bot | In bot.py::MainThread(12672), line 825 in serialize_queue: Serializing queue for 405127192767627264
[4031.2685143947601318] 2018-05-08 18:49:16,373 - DEBUG - musicbot.bot | In bot.py::MainThread(12672), line 868 in write_current_song: Writing current song for 405127192767627264
[4326.5446515083312988] 2018-05-08 18:54:11,649 - DEBUG - musicbot.entry | In entry.py::MainThread(12672), line 54 in get_ready_future: Created future for None
[4326.5456514358520508] 2018-05-08 18:54:11,650 - INFO - musicbot.entry | In entry.py::MainThread(12672), line 220 in _really_download: Download started: https://youtube.com/watch?v=kRTJoouX2z8
[4328.0611553192138672] 2018-05-08 18:54:13,166 - INFO - musicbot.entry | In entry.py::MainThread(12672), line 230 in _really_download: Download complete: https://youtube.com/watch?v=kRTJoouX2z8
[4328.5425579547882080] 2018-05-08 18:54:13,647 - DEBUG - musicbot.entry | In entry.py::MainThread(12672), line 54 in get_ready_future: Created future for audio_cache\youtube-kRTJoouX2z8-Fez_-_Original_Game_Soundtrack_-_Formations_HD.webm
[4328.5430805683135986] 2018-05-08 18:54:13,647 - DEBUG - musicbot.player | In player.py::MainThread(12672), line 269 in get_mean_volume: Calculating mean volume of audio_cache\youtube-kRTJoouX2z8-Fez_-_Original_Game_Soundtrack_-_Formations_HD.webm
[4329.0391206741333008] 2018-05-08 18:54:14,144 - DEBUG - musicbot.player | In player.py::MainThread(12672), line 290 in get_mean_volume: Calculated mean volume as -19.2
[4329.0396208763122559] 2018-05-08 18:54:14,144 - FFMPEG - musicbot.player | In player.py::MainThread(12672), line 330 in _play: Creating player with options: -nostdin -af "volume=2.5dB" audio_cache\youtube-kRTJoouX2z8-Fez_-_Original_Game_Soundtrack_-_Formations_HD.webm
[4329.0516226291656494] 2018-05-08 18:54:14,156 - DEBUG - musicbot.bot | In bot.py::MainThread(12672), line 825 in serialize_queue: Serializing queue for 405127192767627264
[4329.0541229248046875] 2018-05-08 18:54:14,159 - DEBUG - musicbot.bot | In bot.py::MainThread(12672), line 868 in write_current_song: Writing current song for 405127192767627264
[4404.7492682933807373] 2018-05-08 18:55:29,854 - INFO - musicbot.bot | In bot.py::MainThread(12672), line 2734 in on_message: 169423295089868800/SGG PRO BEAST#1383: .sggskip
[4406.2701692581176758] 2018-05-08 18:55:31,375 - ERROR - musicbot.bot | In bot.py::MainThread(12672), line 697 in on_player_finished_playing: Error processing youtube url:
ERROR: sztK_qd1Pjc: YouTube said: This video is not available.
[4406.2711691856384277] 2018-05-08 18:55:31,376 - INFO - musicbot.bot | In bot.py::MainThread(12672), line 352 in remove_from_autoplaylist: Removing unplayable song from autoplaylist: https://youtube.com/watch?v=sztK_qd1Pjc
[4406.2726693153381348] 2018-05-08 18:55:31,377 - INFO - musicbot.bot | In bot.py::MainThread(12672), line 366 in remove_from_autoplaylist: Updating autoplaylist
[4408.8991765975952148] 2018-05-08 18:55:34,004 - DEBUG - musicbot.entry | In entry.py::MainThread(12672), line 54 in get_ready_future: Created future for None
[4408.9001567363739014] 2018-05-08 18:55:34,005 - INFO - musicbot.entry | In entry.py::MainThread(12672), line 220 in _really_download: Download started: https://youtube.com/watch?v=77R1Wp6Y_5Y
[4410.9101784229278564] 2018-05-08 18:55:36,015 - DEBUG - musicbot.entry | In entry.py::MainThread(12672), line 54 in get_ready_future: Created future for None
[4411.3437340259552002] 2018-05-08 18:55:36,448 - INFO - musicbot.entry | In entry.py::MainThread(12672), line 230 in _really_download: Download complete: https://youtube.com/watch?v=77R1Wp6Y_5Y
[4411.3462338447570801] 2018-05-08 18:55:36,451 - DEBUG - musicbot.player | In player.py::MainThread(12672), line 269 in get_mean_volume: Calculating mean volume of audio_cache\youtube-77R1Wp6Y_5Y-Electric_Light_Orchestra_-_Telephone_Line_Audio.webm
[4414.3581180572509766] 2018-05-08 18:55:39,463 - DEBUG - musicbot.player | In player.py::MainThread(12672), line 290 in get_mean_volume: Calculated mean volume as -16.3
[4414.3586170673370361] 2018-05-08 18:55:39,463 - FFMPEG - musicbot.player | In player.py::MainThread(12672), line 330 in _play: Creating player with options: -nostdin -af "volume=-0.0dB" audio_cache\youtube-77R1Wp6Y_5Y-Electric_Light_Orchestra_-_Telephone_Line_Audio.webm
[4414.3701183795928955] 2018-05-08 18:55:39,475 - DEBUG - musicbot.bot | In bot.py::MainThread(12672), line 825 in serialize_queue: Serializing queue for 405127192767627264
[4414.3716187477111816] 2018-05-08 18:55:39,476 - DEBUG - musicbot.bot | In bot.py::MainThread(12672), line 868 in write_current_song: Writing current song for 405127192767627264
[4474.3536610603332520] 2018-05-08 18:56:39,458 - INFO - musicbot.bot | In bot.py::MainThread(12672), line 2734 in on_message: 169423295089868800/SGG PRO BEAST#1383: .sggskip
[4476.9389326572418213] 2018-05-08 18:56:42,043 - DEBUG - musicbot.entry | In entry.py::MainThread(12672), line 54 in get_ready_future: Created future for None
[4476.9399328231811523] 2018-05-08 18:56:42,044 - INFO - musicbot.entry | In entry.py::MainThread(12672), line 220 in _really_download: Download started: https://youtube.com/watch?v=8IMn4c4MwM0
[4478.6860163211822510] 2018-05-08 18:56:43,790 - INFO - musicbot.entry | In entry.py::MainThread(12672), line 230 in _really_download: Download complete: https://youtube.com/watch?v=8IMn4c4MwM0
[4478.9355475902557373] 2018-05-08 18:56:44,040 - DEBUG - musicbot.entry | In entry.py::MainThread(12672), line 54 in get_ready_future: Created future for audio_cache\youtube-8IMn4c4MwM0-Brantley_Gilbert_-_One_Hell_Of_An_Amen.webm
[4478.9360470771789551] 2018-05-08 18:56:44,040 - DEBUG - musicbot.player | In player.py::MainThread(12672), line 269 in get_mean_volume: Calculating mean volume of audio_cache\youtube-8IMn4c4MwM0-Brantley_Gilbert_-_One_Hell_Of_An_Amen.webm
[4481.4656457901000977] 2018-05-08 18:56:46,570 - DEBUG - musicbot.player | In player.py::MainThread(12672), line 290 in get_mean_volume: Calculated mean volume as -17.4
[4481.4656457901000977] 2018-05-08 18:56:46,570 - FFMPEG - musicbot.player | In player.py::MainThread(12672), line 330 in _play: Creating player with options: -nostdin -af "volume=4.4dB" audio_cache\youtube-8IMn4c4MwM0-Brantley_Gilbert_-_One_Hell_Of_An_Amen.webm
[4481.4766471385955811] 2018-05-08 18:56:46,581 - DEBUG - musicbot.bot | In bot.py::MainThread(12672), line 825 in serialize_queue: Serializing queue for 405127192767627264
[4481.4786474704742432] 2018-05-08 18:56:46,583 - DEBUG - musicbot.bot | In bot.py::MainThread(12672), line 868 in write_current_song: Writing current song for 405127192767627264
[4499.2695074081420898] 2018-05-08 18:57:04,374 - INFO - musicbot.bot | In bot.py::MainThread(12672), line 2734 in on_message: 169423295089868800/SGG PRO BEAST#1383: .sggskip
[4501.3114900588989258] 2018-05-08 18:57:06,416 - DEBUG - musicbot.entry | In entry.py::MainThread(12672), line 54 in get_ready_future: Created future for None
[4501.3124907016754150] 2018-05-08 18:57:06,417 - INFO - musicbot.entry | In entry.py::MainThread(12672), line 220 in _really_download: Download started: https://youtube.com/watch?v=65lEbMkxO1I
[4503.3121061325073242] 2018-05-08 18:57:08,417 - DEBUG - musicbot.entry | In entry.py::MainThread(12672), line 54 in get_ready_future: Created future for None
[4504.4337003231048584] 2018-05-08 18:57:09,538 - INFO - musicbot.entry | In entry.py::MainThread(12672), line 230 in _really_download: Download complete: https://youtube.com/watch?v=65lEbMkxO1I
[4504.4367015361785889] 2018-05-08 18:57:09,541 - DEBUG - musicbot.player | In player.py::MainThread(12672), line 269 in get_mean_volume: Calculating mean volume of audio_cache\youtube-65lEbMkxO1I-Scott_Hamilton_-_Dear_Old_Stockholm_..webm
[4511.1400537490844727] 2018-05-08 18:57:16,244 - DEBUG - musicbot.player | In player.py::MainThread(12672), line 290 in get_mean_volume: Calculated mean volume as -16.5
[4511.1400537490844727] 2018-05-08 18:57:16,244 - FFMPEG - musicbot.player | In player.py::MainThread(12672), line 330 in _play: Creating player with options: -nostdin -af "volume=0.0dB" audio_cache\youtube-65lEbMkxO1I-Scott_Hamilton_-_Dear_Old_Stockholm_..webm
[4511.1510548591613770] 2018-05-08 18:57:16,255 - DEBUG - musicbot.bot | In bot.py::MainThread(12672), line 825 in serialize_queue: Serializing queue for 405127192767627264
[4511.1535551548004150] 2018-05-08 18:57:16,258 - DEBUG - musicbot.bot | In bot.py::MainThread(12672), line 868 in write_current_song: Writing current song for 405127192767627264
[4549.8809990882873535] 2018-05-08 18:57:54,985 - INFO - musicbot.bot | In bot.py::MainThread(12672), line 2734 in on_message: 169423295089868800/SGG PRO BEAST#1383: .sggskip
[4553.1538929939270020] 2018-05-08 18:57:58,258 - DEBUG - musicbot.entry | In entry.py::MainThread(12672), line 54 in get_ready_future: Created future for None
[4553.1548929214477539] 2018-05-08 18:57:58,259 - INFO - musicbot.entry | In entry.py::MainThread(12672), line 220 in _really_download: Download started: https://youtube.com/watch?v=JsntlJZ9h1U
[4555.1572992801666260] 2018-05-08 18:58:00,262 - DEBUG - musicbot.entry | In entry.py::MainThread(12672), line 54 in get_ready_future: Created future for None
[4555.8122940063476562] 2018-05-08 18:58:00,917 - INFO - musicbot.entry | In entry.py::MainThread(12672), line 230 in _really_download: Download complete: https://youtube.com/watch?v=JsntlJZ9h1U
[4555.8157930374145508] 2018-05-08 18:58:00,920 - DEBUG - musicbot.player | In player.py::MainThread(12672), line 269 in get_mean_volume: Calculating mean volume of audio_cache\youtube-JsntlJZ9h1U-Daryl_Hall_John_Oates_-_Private_Eyes.webm
[4558.1285872459411621] 2018-05-08 18:58:03,233 - DEBUG - musicbot.player | In player.py::MainThread(12672), line 290 in get_mean_volume: Calculated mean volume as -18.8
[4558.1290879249572754] 2018-05-08 18:58:03,234 - FFMPEG - musicbot.player | In player.py::MainThread(12672), line 330 in _play: Creating player with options: -nostdin -af "volume=0.8dB" audio_cache\youtube-JsntlJZ9h1U-Daryl_Hall_John_Oates_-_Private_Eyes.webm
[4558.1405889987945557] 2018-05-08 18:58:03,245 - DEBUG - musicbot.bot | In bot.py::MainThread(12672), line 825 in serialize_queue: Serializing queue for 405127192767627264
[4558.1420893669128418] 2018-05-08 18:58:03,247 - DEBUG - musicbot.bot | In bot.py::MainThread(12672), line 868 in write_current_song: Writing current song for 405127192767627264
[4668.8203480243682861] 2018-05-08 18:59:53,925 - INFO - musicbot.bot | In bot.py::MainThread(12672), line 2734 in on_message: 169423295089868800/SGG PRO BEAST#1383: .sggskip
[4670.5240507125854492] 2018-05-08 18:59:55,628 - ERROR - musicbot.bot | In bot.py::MainThread(12672), line 697 in on_player_finished_playing: Error processing youtube url:
ERROR: fQPS2sk1VTY: YouTube said: This video contains content from UMG, who has blocked it on copyright grounds.
[4670.5250504016876221] 2018-05-08 18:59:55,629 - INFO - musicbot.bot | In bot.py::MainThread(12672), line 352 in remove_from_autoplaylist: Removing unplayable song from autoplaylist: https://youtube.com/watch?v=fQPS2sk1VTY
[4670.5270507335662842] 2018-05-08 18:59:55,631 - INFO - musicbot.bot | In bot.py::MainThread(12672), line 366 in remove_from_autoplaylist: Updating autoplaylist
[4672.7417743206024170] 2018-05-08 18:59:57,846 - DEBUG - musicbot.entry | In entry.py::MainThread(12672), line 54 in get_ready_future: Created future for None
[4672.7427544593811035] 2018-05-08 18:59:57,847 - INFO - musicbot.entry | In entry.py::MainThread(12672), line 220 in _really_download: Download started: https://youtube.com/watch?v=qTPqCUyLLhA
[4674.7292962074279785] 2018-05-08 18:59:59,834 - DEBUG - musicbot.entry | In entry.py::MainThread(12672), line 54 in get_ready_future: Created future for None
[4674.7342972755432129] 2018-05-08 18:59:59,839 - INFO - musicbot.entry | In entry.py::MainThread(12672), line 230 in _really_download: Download complete: https://youtube.com/watch?v=qTPqCUyLLhA
[4674.7382972240447998] 2018-05-08 18:59:59,843 - DEBUG - musicbot.player | In player.py::MainThread(12672), line 269 in get_mean_volume: Calculating mean volume of audio_cache\youtube-qTPqCUyLLhA-House_-_Tut_Tut_Child_-_I_Can_t_Monstercat_Release.webm
[4677.7586827278137207] 2018-05-08 19:00:02,863 - DEBUG - musicbot.player | In player.py::MainThread(12672), line 290 in get_mean_volume: Calculated mean volume as -8.9
[4677.7591824531555176] 2018-05-08 19:00:02,864 - FFMPEG - musicbot.player | In player.py::MainThread(12672), line 330 in _play: Creating player with options: -nostdin -af "volume=-0.0dB" audio_cache\youtube-qTPqCUyLLhA-House_-_Tut_Tut_Child_-_I_Can_t_Monstercat_Release.webm
[4677.7716832160949707] 2018-05-08 19:00:02,876 - DEBUG - musicbot.bot | In bot.py::MainThread(12672), line 825 in serialize_queue: Serializing queue for 405127192767627264
[4677.7731847763061523] 2018-05-08 19:00:02,878 - DEBUG - musicbot.bot | In bot.py::MainThread(12672), line 868 in write_current_song: Writing current song for 405127192767627264
[4945.9119124412536621] 2018-05-08 19:04:31,016 - DEBUG - musicbot.entry | In entry.py::MainThread(12672), line 54 in get_ready_future: Created future for None
[4945.9129118919372559] 2018-05-08 19:04:31,017 - INFO - musicbot.entry | In entry.py::MainThread(12672), line 220 in _really_download: Download started: https://youtube.com/watch?v=WUH9NaZI9eA
[4947.5737588405609131] 2018-05-08 19:04:32,678 - INFO - musicbot.entry | In entry.py::MainThread(12672), line 230 in _really_download: Download complete: https://youtube.com/watch?v=WUH9NaZI9eA
[4947.8913960456848145] 2018-05-08 19:04:32,996 - DEBUG - musicbot.entry | In entry.py::MainThread(12672), line 54 in get_ready_future: Created future for audio_cache\youtube-WUH9NaZI9eA-DOOM_-_That_s_That_w_lyrics_in_description_box.webm
[4947.8919358253479004] 2018-05-08 19:04:32,996 - DEBUG - musicbot.player | In player.py::MainThread(12672), line 269 in get_mean_volume: Calculating mean volume of audio_cache\youtube-WUH9NaZI9eA-DOOM_-_That_s_That_w_lyrics_in_description_box.webm
[4949.3188490867614746] 2018-05-08 19:04:34,423 - DEBUG - musicbot.player | In player.py::MainThread(12672), line 290 in get_mean_volume: Calculated mean volume as -11.7
[4949.3188490867614746] 2018-05-08 19:04:34,423 - FFMPEG - musicbot.player | In player.py::MainThread(12672), line 330 in _play: Creating player with options: -nostdin -af "volume=-0.0dB" audio_cache\youtube-WUH9NaZI9eA-DOOM_-_That_s_That_w_lyrics_in_description_box.webm
[4949.3298501968383789] 2018-05-08 19:04:34,434 - DEBUG - musicbot.bot | In bot.py::MainThread(12672), line 825 in serialize_queue: Serializing queue for 405127192767627264
[4949.3313505649566650] 2018-05-08 19:04:34,436 - DEBUG - musicbot.bot | In bot.py::MainThread(12672), line 868 in write_current_song: Writing current song for 405127192767627264
[4992.0695462226867676] 2018-05-08 19:05:17,174 - VOICEDEBUG - musicbot.bot | In bot.py::MainThread(12672), line 2938 in on_voice_state_update: Voice state update for 339121591080189963/Apo#9123 on SGG Community Discord/Music 1 🎵 -> [JOIN, CONNECT]
[4992.0695462226867676] 2018-05-08 19:05:17,174 - INFO - musicbot.bot | In bot.py::MainThread(12672), line 2949 in on_voice_state_update: 339121591080189963/Apo#9123 has joined SGG Community Discord/Music 1 🎵
[4994.4058060646057129] 2018-05-08 19:05:19,510 - VOICEDEBUG - musicbot.bot | In bot.py::MainThread(12672), line 2938 in on_voice_state_update: Voice state update for 339121591080189963/Apo#9123 on SGG Community Discord/Music 1 🎵 -> [MUTE]
[5013.9785854816436768] 2018-05-08 19:05:39,083 - VOICEDEBUG - musicbot.bot | In bot.py::MainThread(12672), line 2938 in on_voice_state_update: Voice state update for 339121591080189963/Apo#9123 on SGG Community Discord/Music 1 🎵 -> [LEAVE, DISCONNECT]
[5013.9785854816436768] 2018-05-08 19:05:39,083 - INFO - musicbot.bot | In bot.py::MainThread(12672), line 2949 in on_voice_state_update: 339121591080189963/Apo#9123 has left SGG Community Discord/Music 1 🎵
[5078.6491036415100098] 2018-05-08 19:06:43,754 - DEBUG - musicbot.entry | In entry.py::MainThread(12672), line 54 in get_ready_future: Created future for None
[5078.6500813961029053] 2018-05-08 19:06:43,754 - INFO - musicbot.entry | In entry.py::MainThread(12672), line 220 in _really_download: Download started: https://youtube.com/watch?v=HdWatPF782g
[5080.4974248409271240] 2018-05-08 19:06:45,602 - INFO - musicbot.entry | In entry.py::MainThread(12672), line 230 in _really_download: Download complete: https://youtube.com/watch?v=HdWatPF782g
[5080.6559433937072754] 2018-05-08 19:06:45,760 - DEBUG - musicbot.entry | In entry.py::MainThread(12672), line 54 in get_ready_future: Created future for audio_cache\youtube-HdWatPF782g-Bliss_n_Eso_-_I_am_somebody_ft._Nas_Lyrics.webm
[5080.6564435958862305] 2018-05-08 19:06:45,761 - DEBUG - musicbot.player | In player.py::MainThread(12672), line 269 in get_mean_volume: Calculating mean volume of audio_cache\youtube-HdWatPF782g-Bliss_n_Eso_-_I_am_somebody_ft._Nas_Lyrics.webm
[5084.0426948070526123] 2018-05-08 19:06:49,147 - DEBUG - musicbot.player | In player.py::MainThread(12672), line 290 in get_mean_volume: Calculated mean volume as -11.7
[5084.0431952476501465] 2018-05-08 19:06:49,148 - FFMPEG - musicbot.player | In player.py::MainThread(12672), line 330 in _play: Creating player with options: -nostdin -af "volume=-0.0dB" audio_cache\youtube-HdWatPF782g-Bliss_n_Eso_-_I_am_somebody_ft._Nas_Lyrics.webm
[5084.0541968345642090] 2018-05-08 19:06:49,159 - DEBUG - musicbot.bot | In bot.py::MainThread(12672), line 825 in serialize_queue: Serializing queue for 405127192767627264
[5084.0556976795196533] 2018-05-08 19:06:49,160 - DEBUG - musicbot.bot | In bot.py::MainThread(12672), line 868 in write_current_song: Writing current song for 405127192767627264
[5138.7914900779724121] 2018-05-08 19:07:43,896 - VOICEDEBUG - musicbot.bot | In bot.py::MainThread(12672), line 2938 in on_voice_state_update: Voice state update for 169423295089868800/SGG PRO BEAST#1383 on SGG Community Discord/Music 1 🎵 -> [LEAVE, DISCONNECT]
[5138.7914900779724121] 2018-05-08 19:07:43,896 - INFO - musicbot.bot | In bot.py::MainThread(12672), line 2949 in on_voice_state_update: 169423295089868800/SGG PRO BEAST#1383 has left SGG Community Discord/Music 1 🎵
